<?xml version="1.0" encoding="UTF-8"?>
<coverage generated="1554914772033" clover="3.2.0">
  <project timestamp="1554914772033" name="All files">
    <metrics statements="250" coveredstatements="250" conditionals="104" coveredconditionals="102" methods="91" coveredmethods="91" elements="445" coveredelements="443" complexity="0" loc="250" ncloc="250" packages="5" files="11" classes="11"/>
    <package name="src">
      <metrics statements="2" coveredstatements="2" conditionals="0" coveredconditionals="0" methods="1" coveredmethods="1"/>
      <file name="App.jsx" path="C:\Users\Mtech\Desktop\dynamic-table\src\App.jsx">
        <metrics statements="2" coveredstatements="2" conditionals="0" coveredconditionals="0" methods="1" coveredmethods="1"/>
        <line num="6" count="2" type="stmt"/>
        <line num="7" count="3" type="stmt"/>
      </file>
    </package>
    <package name="src.components.api">
      <metrics statements="1" coveredstatements="1" conditionals="0" coveredconditionals="0" methods="0" coveredmethods="0"/>
      <file name="server.jsx" path="C:\Users\Mtech\Desktop\dynamic-table\src\components\api\server.jsx">
        <metrics statements="1" coveredstatements="1" conditionals="0" coveredconditionals="0" methods="0" coveredmethods="0"/>
        <line num="1" count="5" type="stmt"/>
      </file>
    </package>
    <package name="src.components.trades">
      <metrics statements="124" coveredstatements="124" conditionals="54" coveredconditionals="53" methods="43" coveredmethods="43"/>
      <file name="Trade.jsx" path="C:\Users\Mtech\Desktop\dynamic-table\src\components\trades\Trade.jsx">
        <metrics statements="2" coveredstatements="2" conditionals="0" coveredconditionals="0" methods="1" coveredmethods="1"/>
        <line num="5" count="2" type="stmt"/>
        <line num="6" count="4" type="stmt"/>
      </file>
      <file name="TradeTable.jsx" path="C:\Users\Mtech\Desktop\dynamic-table\src\components\trades\TradeTable.jsx">
        <metrics statements="103" coveredstatements="103" conditionals="44" coveredconditionals="44" methods="33" coveredmethods="33"/>
        <line num="21" count="10" type="cond" truecount="2" falsecount="0"/>
        <line num="22" count="1" type="stmt"/>
        <line num="24" count="9" type="cond" truecount="2" falsecount="0"/>
        <line num="25" count="3" type="stmt"/>
        <line num="27" count="6" type="stmt"/>
        <line num="31" count="34" type="stmt"/>
        <line num="33" count="27" type="stmt"/>
        <line num="34" count="7" type="stmt"/>
        <line num="35" count="7" type="cond" truecount="2" falsecount="0"/>
        <line num="36" count="5" type="stmt"/>
        <line num="38" count="34" type="stmt"/>
        <line num="42" count="27" type="cond" truecount="2" falsecount="0"/>
        <line num="45" count="4" type="stmt"/>
        <line num="87" count="3" type="stmt"/>
        <line num="91" count="19" type="stmt"/>
        <line num="92" count="19" type="stmt"/>
        <line num="116" count="19" type="stmt"/>
        <line num="117" count="19" type="cond" truecount="4" falsecount="0"/>
        <line num="118" count="16" type="stmt"/>
        <line num="120" count="3" type="stmt"/>
        <line num="122" count="19" type="stmt"/>
        <line num="123" count="19" type="stmt"/>
        <line num="124" count="19" type="stmt"/>
        <line num="125" count="19" type="stmt"/>
        <line num="126" count="19" type="stmt"/>
        <line num="127" count="19" type="stmt"/>
        <line num="128" count="19" type="stmt"/>
        <line num="129" count="19" type="stmt"/>
        <line num="130" count="19" type="stmt"/>
        <line num="131" count="19" type="stmt"/>
        <line num="135" count="19" type="stmt"/>
        <line num="147" count="66" type="stmt"/>
        <line num="149" count="66" type="cond" truecount="2" falsecount="0"/>
        <line num="150" count="4" type="stmt"/>
        <line num="152" count="66" type="cond" truecount="2" falsecount="0"/>
        <line num="153" count="2" type="stmt"/>
        <line num="155" count="66" type="cond" truecount="4" falsecount="0"/>
        <line num="157" count="2" type="stmt"/>
        <line num="159" count="66" type="cond" truecount="2" falsecount="0"/>
        <line num="160" count="2" type="stmt"/>
        <line num="162" count="66" type="cond" truecount="2" falsecount="0"/>
        <line num="163" count="2" type="stmt"/>
        <line num="165" count="66" type="cond" truecount="2" falsecount="0"/>
        <line num="166" count="2" type="stmt"/>
        <line num="171" count="2" type="stmt"/>
        <line num="178" count="1" type="stmt"/>
        <line num="182" count="2" type="stmt"/>
        <line num="183" count="2" type="stmt"/>
        <line num="185" count="2" type="stmt"/>
        <line num="186" count="2" type="cond" truecount="4" falsecount="0"/>
        <line num="187" count="1" type="stmt"/>
        <line num="190" count="2" type="stmt"/>
        <line num="194" count="1" type="stmt"/>
        <line num="200" count="1" type="stmt"/>
        <line num="202" count="1" type="stmt"/>
        <line num="209" count="1" type="stmt"/>
        <line num="211" count="1" type="stmt"/>
        <line num="218" count="1" type="stmt"/>
        <line num="219" count="1" type="stmt"/>
        <line num="220" count="3" type="stmt"/>
        <line num="221" count="3" type="cond" truecount="2" falsecount="0"/>
        <line num="222" count="1" type="stmt"/>
        <line num="224" count="3" type="cond" truecount="2" falsecount="0"/>
        <line num="225" count="1" type="stmt"/>
        <line num="227" count="3" type="stmt"/>
        <line num="229" count="1" type="stmt"/>
        <line num="236" count="87" type="stmt"/>
        <line num="238" count="87" type="stmt"/>
        <line num="240" count="87" type="cond" truecount="2" falsecount="0"/>
        <line num="241" count="63" type="stmt"/>
        <line num="249" count="24" type="stmt"/>
        <line num="252" count="28" type="stmt"/>
        <line num="253" count="28" type="stmt"/>
        <line num="274" count="87" type="stmt"/>
        <line num="284" count="38" type="stmt"/>
        <line num="285" count="38" type="stmt"/>
        <line num="286" count="38" type="stmt"/>
        <line num="288" count="38" type="stmt"/>
        <line num="289" count="6" type="cond" truecount="2" falsecount="0"/>
        <line num="290" count="2" type="stmt"/>
        <line num="292" count="4" type="stmt"/>
        <line num="296" count="38" type="cond" truecount="2" falsecount="0"/>
        <line num="297" count="32" type="stmt"/>
        <line num="299" count="2" type="stmt"/>
        <line num="304" count="2" type="stmt"/>
        <line num="306" count="3" type="stmt"/>
        <line num="307" count="3" type="stmt"/>
        <line num="310" count="6" type="stmt"/>
        <line num="315" count="2" type="stmt"/>
        <line num="318" count="2" type="stmt"/>
        <line num="325" count="2" type="stmt"/>
        <line num="327" count="2" type="stmt"/>
        <line num="328" count="2" type="stmt"/>
        <line num="334" count="1" type="stmt"/>
        <line num="345" count="1" type="stmt"/>
        <line num="349" count="85" type="stmt"/>
        <line num="366" count="85" type="stmt"/>
        <line num="367" count="85" type="stmt"/>
        <line num="369" count="85" type="stmt"/>
        <line num="415" count="1" type="stmt"/>
        <line num="419" count="340" type="stmt"/>
        <line num="431" count="2" type="stmt"/>
        <line num="442" count="3" type="stmt"/>
      </file>
      <file name="TradeTableHead.jsx" path="C:\Users\Mtech\Desktop\dynamic-table\src\components\trades\TradeTableHead.jsx">
        <metrics statements="8" coveredstatements="8" conditionals="8" coveredconditionals="8" methods="4" coveredmethods="4"/>
        <line num="10" count="4" type="stmt"/>
        <line num="32" count="66" type="stmt"/>
        <line num="33" count="1" type="stmt"/>
        <line num="34" count="1" type="stmt"/>
        <line num="40" count="11" type="stmt"/>
        <line num="42" count="11" type="stmt"/>
        <line num="48" count="66" type="stmt"/>
        <line num="77" count="4" type="stmt"/>
      </file>
      <file name="TradeTableToolbar.jsx" path="C:\Users\Mtech\Desktop\dynamic-table\src\components\trades\TradeTableToolbar.jsx">
        <metrics statements="11" coveredstatements="11" conditionals="2" coveredconditionals="1" methods="5" coveredmethods="5"/>
        <line num="21" count="4" type="stmt"/>
        <line num="151" count="4" type="stmt"/>
        <line num="152" count="4" type="stmt"/>
        <line num="153" count="4" type="stmt"/>
        <line num="162" count="4" type="stmt"/>
        <line num="175" count="13" type="stmt"/>
        <line num="177" count="13" type="stmt"/>
        <line num="228" count="1" type="stmt"/>
        <line num="230" count="1" type="stmt"/>
        <line num="235" count="65" type="stmt"/>
        <line num="254" count="4" type="stmt"/>
      </file>
    </package>
    <package name="src.components.withdraws">
      <metrics statements="117" coveredstatements="117" conditionals="50" coveredconditionals="49" methods="43" coveredmethods="43"/>
      <file name="WithDraw.jsx" path="C:\Users\Mtech\Desktop\dynamic-table\src\components\withdraws\WithDraw.jsx">
        <metrics statements="2" coveredstatements="2" conditionals="0" coveredconditionals="0" methods="1" coveredmethods="1"/>
        <line num="5" count="3" type="stmt"/>
        <line num="6" count="2" type="stmt"/>
      </file>
      <file name="WithDrawTable.jsx" path="C:\Users\Mtech\Desktop\dynamic-table\src\components\withdraws\WithDrawTable.jsx">
        <metrics statements="96" coveredstatements="96" conditionals="40" coveredconditionals="40" methods="33" coveredmethods="33"/>
        <line num="21" count="10" type="cond" truecount="2" falsecount="0"/>
        <line num="22" count="1" type="stmt"/>
        <line num="24" count="9" type="cond" truecount="2" falsecount="0"/>
        <line num="25" count="3" type="stmt"/>
        <line num="27" count="6" type="stmt"/>
        <line num="31" count="34" type="stmt"/>
        <line num="32" count="27" type="stmt"/>
        <line num="33" count="7" type="stmt"/>
        <line num="34" count="7" type="cond" truecount="2" falsecount="0"/>
        <line num="35" count="5" type="stmt"/>
        <line num="37" count="34" type="stmt"/>
        <line num="41" count="27" type="cond" truecount="2" falsecount="0"/>
        <line num="44" count="4" type="stmt"/>
        <line num="86" count="4" type="stmt"/>
        <line num="90" count="16" type="stmt"/>
        <line num="91" count="16" type="stmt"/>
        <line num="112" count="16" type="stmt"/>
        <line num="113" count="16" type="cond" truecount="4" falsecount="0"/>
        <line num="114" count="14" type="stmt"/>
        <line num="116" count="2" type="stmt"/>
        <line num="118" count="16" type="stmt"/>
        <line num="119" count="16" type="stmt"/>
        <line num="120" count="16" type="stmt"/>
        <line num="121" count="16" type="stmt"/>
        <line num="122" count="16" type="stmt"/>
        <line num="123" count="16" type="stmt"/>
        <line num="124" count="16" type="stmt"/>
        <line num="125" count="16" type="stmt"/>
        <line num="126" count="16" type="stmt"/>
        <line num="127" count="16" type="stmt"/>
        <line num="131" count="16" type="stmt"/>
        <line num="143" count="62" type="stmt"/>
        <line num="145" count="62" type="cond" truecount="2" falsecount="0"/>
        <line num="146" count="4" type="stmt"/>
        <line num="148" count="62" type="cond" truecount="2" falsecount="0"/>
        <line num="149" count="2" type="stmt"/>
        <line num="151" count="62" type="cond" truecount="4" falsecount="0"/>
        <line num="153" count="1" type="stmt"/>
        <line num="155" count="62" type="cond" truecount="2" falsecount="0"/>
        <line num="156" count="2" type="stmt"/>
        <line num="158" count="62" type="cond" truecount="2" falsecount="0"/>
        <line num="159" count="2" type="stmt"/>
        <line num="161" count="62" type="cond" truecount="2" falsecount="0"/>
        <line num="162" count="2" type="stmt"/>
        <line num="167" count="2" type="stmt"/>
        <line num="174" count="1" type="stmt"/>
        <line num="178" count="2" type="stmt"/>
        <line num="179" count="2" type="stmt"/>
        <line num="181" count="2" type="stmt"/>
        <line num="182" count="2" type="cond" truecount="4" falsecount="0"/>
        <line num="183" count="1" type="stmt"/>
        <line num="186" count="2" type="stmt"/>
        <line num="190" count="1" type="stmt"/>
        <line num="196" count="1" type="stmt"/>
        <line num="198" count="1" type="stmt"/>
        <line num="205" count="1" type="stmt"/>
        <line num="207" count="1" type="stmt"/>
        <line num="214" count="2" type="stmt"/>
        <line num="215" count="1" type="stmt"/>
        <line num="228" count="34" type="stmt"/>
        <line num="229" count="34" type="stmt"/>
        <line num="230" count="34" type="stmt"/>
        <line num="232" count="34" type="stmt"/>
        <line num="233" count="4" type="cond" truecount="2" falsecount="0"/>
        <line num="234" count="2" type="stmt"/>
        <line num="236" count="2" type="stmt"/>
        <line num="240" count="34" type="cond" truecount="2" falsecount="0"/>
        <line num="241" count="28" type="stmt"/>
        <line num="243" count="2" type="stmt"/>
        <line num="248" count="2" type="stmt"/>
        <line num="250" count="3" type="stmt"/>
        <line num="251" count="3" type="stmt"/>
        <line num="254" count="6" type="stmt"/>
        <line num="259" count="2" type="stmt"/>
        <line num="262" count="2" type="stmt"/>
        <line num="269" count="2" type="stmt"/>
        <line num="271" count="2" type="stmt"/>
        <line num="272" count="2" type="stmt"/>
        <line num="278" count="80" type="stmt"/>
        <line num="280" count="80" type="stmt"/>
        <line num="282" count="80" type="cond" truecount="2" falsecount="0"/>
        <line num="283" count="56" type="stmt"/>
        <line num="291" count="24" type="stmt"/>
        <line num="294" count="28" type="stmt"/>
        <line num="295" count="28" type="stmt"/>
        <line num="315" count="80" type="stmt"/>
        <line num="319" count="1" type="stmt"/>
        <line num="330" count="1" type="stmt"/>
        <line num="334" count="78" type="stmt"/>
        <line num="351" count="78" type="stmt"/>
        <line num="352" count="78" type="stmt"/>
        <line num="354" count="78" type="stmt"/>
        <line num="397" count="1" type="stmt"/>
        <line num="401" count="312" type="stmt"/>
        <line num="413" count="2" type="stmt"/>
        <line num="424" count="4" type="stmt"/>
      </file>
      <file name="WithDrawTableHead.jsx" path="C:\Users\Mtech\Desktop\dynamic-table\src\components\withdraws\WithDrawTableHead.jsx">
        <metrics statements="8" coveredstatements="8" conditionals="8" coveredconditionals="8" methods="4" coveredmethods="4"/>
        <line num="10" count="5" type="stmt"/>
        <line num="29" count="25" type="stmt"/>
        <line num="30" count="1" type="stmt"/>
        <line num="31" count="1" type="stmt"/>
        <line num="37" count="5" type="stmt"/>
        <line num="39" count="5" type="stmt"/>
        <line num="45" count="25" type="stmt"/>
        <line num="74" count="5" type="stmt"/>
      </file>
      <file name="WithDrawTableToolbar.jsx" path="C:\Users\Mtech\Desktop\dynamic-table\src\components\withdraws\WithDrawTableToolbar.jsx">
        <metrics statements="11" coveredstatements="11" conditionals="2" coveredconditionals="1" methods="5" coveredmethods="5"/>
        <line num="21" count="5" type="stmt"/>
        <line num="151" count="5" type="stmt"/>
        <line num="152" count="5" type="stmt"/>
        <line num="153" count="5" type="stmt"/>
        <line num="162" count="5" type="stmt"/>
        <line num="175" count="7" type="stmt"/>
        <line num="177" count="7" type="stmt"/>
        <line num="227" count="1" type="stmt"/>
        <line num="229" count="1" type="stmt"/>
        <line num="234" count="14" type="stmt"/>
        <line num="253" count="5" type="stmt"/>
      </file>
    </package>
    <package name="src.container">
      <metrics statements="6" coveredstatements="6" conditionals="0" coveredconditionals="0" methods="4" coveredmethods="4"/>
      <file name="Container.jsx" path="C:\Users\Mtech\Desktop\dynamic-table\src\container\Container.jsx">
        <metrics statements="6" coveredstatements="6" conditionals="0" coveredconditionals="0" methods="4" coveredmethods="4"/>
        <line num="14" count="3" type="stmt"/>
        <line num="45" count="5" type="stmt"/>
        <line num="46" count="5" type="stmt"/>
        <line num="55" count="1" type="stmt"/>
        <line num="58" count="1" type="stmt"/>
        <line num="83" count="3" type="stmt"/>
      </file>
    </package>
  </project>
</coverage>
