{"C:\\Users\\Mtech\\Desktop\\dynamic-table\\src\\App.jsx": {"path":"C:\\Users\\Mtech\\Desktop\\dynamic-table\\src\\App.jsx","statementMap":{"0":{"start":{"line":6,"column":12},"end":{"line":12,"column":1}},"1":{"start":{"line":7,"column":2},"end":{"line":11,"column":11}}},"fnMap":{"0":{"name":"(anonymous_0)","decl":{"start":{"line":6,"column":12},"end":{"line":6,"column":13}},"loc":{"start":{"line":7,"column":2},"end":{"line":11,"column":11}},"line":7}},"branchMap":{},"s":{"0":2,"1":3},"f":{"0":3},"b":{},"_coverageSchema":"43e27e138ebf9cfc5966b082cf9a028302ed4184","hash":"98dc2dedd2d1a7707a0c463fa924ea98df675133"}
,"C:\\Users\\Mtech\\Desktop\\dynamic-table\\src\\components\\api\\server.jsx": {"path":"C:\\Users\\Mtech\\Desktop\\dynamic-table\\src\\components\\api\\server.jsx","statementMap":{"0":{"start":{"line":1,"column":18},"end":{"line":1,"column":56}}},"fnMap":{},"branchMap":{},"s":{"0":5},"f":{},"b":{},"_coverageSchema":"43e27e138ebf9cfc5966b082cf9a028302ed4184","hash":"2f1648a19292450a1990ded89c7e472e25fba2ec"}
,"C:\\Users\\Mtech\\Desktop\\dynamic-table\\src\\components\\trades\\Trade.jsx": {"path":"C:\\Users\\Mtech\\Desktop\\dynamic-table\\src\\components\\trades\\Trade.jsx","statementMap":{"0":{"start":{"line":5,"column":14},"end":{"line":9,"column":1}},"1":{"start":{"line":6,"column":2},"end":{"line":8,"column":19}}},"fnMap":{"0":{"name":"(anonymous_0)","decl":{"start":{"line":5,"column":14},"end":{"line":5,"column":15}},"loc":{"start":{"line":6,"column":2},"end":{"line":8,"column":19}},"line":6}},"branchMap":{},"s":{"0":2,"1":4},"f":{"0":4},"b":{},"_coverageSchema":"43e27e138ebf9cfc5966b082cf9a028302ed4184","hash":"6e67a643ce1b5961127ba76a0424449f5e19c584"}
,"C:\\Users\\Mtech\\Desktop\\dynamic-table\\src\\components\\trades\\TradeTable.jsx": {"path":"C:\\Users\\Mtech\\Desktop\\dynamic-table\\src\\components\\trades\\TradeTable.jsx","statementMap":{"0":{"start":{"line":21,"column":2},"end":{"line":23,"column":3}},"1":{"start":{"line":22,"column":4},"end":{"line":22,"column":14}},"2":{"start":{"line":24,"column":2},"end":{"line":26,"column":3}},"3":{"start":{"line":25,"column":4},"end":{"line":25,"column":13}},"4":{"start":{"line":27,"column":2},"end":{"line":27,"column":11}},"5":{"start":{"line":31,"column":25},"end":{"line":31,"column":62}},"6":{"start":{"line":31,"column":50},"end":{"line":31,"column":61}},"7":{"start":{"line":33,"column":2},"end":{"line":37,"column":5}},"8":{"start":{"line":34,"column":18},"end":{"line":34,"column":33}},"9":{"start":{"line":35,"column":4},"end":{"line":35,"column":34}},"10":{"start":{"line":35,"column":21},"end":{"line":35,"column":34}},"11":{"start":{"line":36,"column":4},"end":{"line":36,"column":23}},"12":{"start":{"line":38,"column":2},"end":{"line":38,"column":41}},"13":{"start":{"line":38,"column":34},"end":{"line":38,"column":39}},"14":{"start":{"line":42,"column":2},"end":{"line":42,"column":91}},"15":{"start":{"line":42,"column":38},"end":{"line":42,"column":57}},"16":{"start":{"line":42,"column":70},"end":{"line":42,"column":90}},"17":{"start":{"line":45,"column":15},"end":{"line":86,"column":2}},"18":{"start":{"line":45,"column":25},"end":{"line":86,"column":1}},"19":{"start":{"line":87,"column":20},"end":{"line":87,"column":35}},"20":{"start":{"line":91,"column":4},"end":{"line":91,"column":17}},"21":{"start":{"line":92,"column":4},"end":{"line":114,"column":6}},"22":{"start":{"line":116,"column":23},"end":{"line":116,"column":57}},"23":{"start":{"line":117,"column":4},"end":{"line":121,"column":5}},"24":{"start":{"line":118,"column":6},"end":{"line":118,"column":42}},"25":{"start":{"line":120,"column":6},"end":{"line":120,"column":69}},"26":{"start":{"line":122,"column":4},"end":{"line":122,"column":59}},"27":{"start":{"line":123,"column":4},"end":{"line":123,"column":65}},"28":{"start":{"line":124,"column":4},"end":{"line":124,"column":63}},"29":{"start":{"line":125,"column":4},"end":{"line":125,"column":75}},"30":{"start":{"line":126,"column":4},"end":{"line":126,"column":69}},"31":{"start":{"line":127,"column":4},"end":{"line":127,"column":65}},"32":{"start":{"line":128,"column":4},"end":{"line":128,"column":65}},"33":{"start":{"line":129,"column":4},"end":{"line":129,"column":63}},"34":{"start":{"line":130,"column":4},"end":{"line":130,"column":51}},"35":{"start":{"line":131,"column":4},"end":{"line":131,"column":63}},"36":{"start":{"line":135,"column":4},"end":{"line":135,"column":29}},"37":{"start":{"line":147,"column":8},"end":{"line":147,"column":18}},"38":{"start":{"line":149,"column":4},"end":{"line":151,"column":5}},"39":{"start":{"line":150,"column":6},"end":{"line":150,"column":31}},"40":{"start":{"line":152,"column":4},"end":{"line":154,"column":5}},"41":{"start":{"line":153,"column":6},"end":{"line":153,"column":31}},"42":{"start":{"line":155,"column":4},"end":{"line":158,"column":5}},"43":{"start":{"line":157,"column":6},"end":{"line":157,"column":31}},"44":{"start":{"line":159,"column":4},"end":{"line":161,"column":5}},"45":{"start":{"line":160,"column":6},"end":{"line":160,"column":31}},"46":{"start":{"line":162,"column":4},"end":{"line":164,"column":5}},"47":{"start":{"line":163,"column":6},"end":{"line":163,"column":31}},"48":{"start":{"line":165,"column":4},"end":{"line":167,"column":5}},"49":{"start":{"line":166,"column":6},"end":{"line":166,"column":31}},"50":{"start":{"line":171,"column":4},"end":{"line":174,"column":7}},"51":{"start":{"line":178,"column":4},"end":{"line":178,"column":56}},"52":{"start":{"line":182,"column":23},"end":{"line":182,"column":31}},"53":{"start":{"line":183,"column":19},"end":{"line":183,"column":25}},"54":{"start":{"line":185,"column":31},"end":{"line":185,"column":41}},"55":{"start":{"line":186,"column":4},"end":{"line":188,"column":5}},"56":{"start":{"line":187,"column":6},"end":{"line":187,"column":23}},"57":{"start":{"line":190,"column":4},"end":{"line":190,"column":60}},"58":{"start":{"line":194,"column":4},"end":{"line":196,"column":7}},"59":{"start":{"line":200,"column":31},"end":{"line":200,"column":41}},"60":{"start":{"line":202,"column":4},"end":{"line":205,"column":7}},"61":{"start":{"line":209,"column":33},"end":{"line":209,"column":43}},"62":{"start":{"line":211,"column":4},"end":{"line":214,"column":7}},"63":{"start":{"line":218,"column":27},"end":{"line":218,"column":37}},"64":{"start":{"line":219,"column":28},"end":{"line":228,"column":6}},"65":{"start":{"line":220,"column":16},"end":{"line":220,"column":18}},"66":{"start":{"line":221,"column":6},"end":{"line":223,"column":7}},"67":{"start":{"line":222,"column":8},"end":{"line":222,"column":37}},"68":{"start":{"line":224,"column":6},"end":{"line":226,"column":7}},"69":{"start":{"line":225,"column":8},"end":{"line":225,"column":57}},"70":{"start":{"line":227,"column":6},"end":{"line":227,"column":17}},"71":{"start":{"line":229,"column":4},"end":{"line":232,"column":7}},"72":{"start":{"line":236,"column":31},"end":{"line":236,"column":41}},"73":{"start":{"line":238,"column":16},"end":{"line":238,"column":18}},"74":{"start":{"line":240,"column":4},"end":{"line":273,"column":5}},"75":{"start":{"line":241,"column":6},"end":{"line":247,"column":8}},"76":{"start":{"line":249,"column":6},"end":{"line":272,"column":10}},"77":{"start":{"line":252,"column":12},"end":{"line":252,"column":62}},"78":{"start":{"line":253,"column":12},"end":{"line":270,"column":14}},"79":{"start":{"line":274,"column":4},"end":{"line":274,"column":17}},"80":{"start":{"line":284,"column":8},"end":{"line":284,"column":18}},"81":{"start":{"line":285,"column":4},"end":{"line":285,"column":39}},"82":{"start":{"line":286,"column":17},"end":{"line":286,"column":19}},"83":{"start":{"line":288,"column":4},"end":{"line":294,"column":7}},"84":{"start":{"line":289,"column":6},"end":{"line":293,"column":7}},"85":{"start":{"line":290,"column":8},"end":{"line":290,"column":28}},"86":{"start":{"line":292,"column":8},"end":{"line":292,"column":30}},"87":{"start":{"line":296,"column":4},"end":{"line":330,"column":5}},"88":{"start":{"line":297,"column":6},"end":{"line":308,"column":11}},"89":{"start":{"line":299,"column":10},"end":{"line":303,"column":13}},"90":{"start":{"line":304,"column":10},"end":{"line":304,"column":73}},"91":{"start":{"line":306,"column":10},"end":{"line":306,"column":46}},"92":{"start":{"line":307,"column":10},"end":{"line":307,"column":36}},"93":{"start":{"line":310,"column":6},"end":{"line":329,"column":9}},"94":{"start":{"line":315,"column":29},"end":{"line":317,"column":40}},"95":{"start":{"line":318,"column":8},"end":{"line":324,"column":11}},"96":{"start":{"line":325,"column":8},"end":{"line":325,"column":71}},"97":{"start":{"line":327,"column":8},"end":{"line":327,"column":44}},"98":{"start":{"line":328,"column":8},"end":{"line":328,"column":34}},"99":{"start":{"line":334,"column":4},"end":{"line":344,"column":7}},"100":{"start":{"line":345,"column":4},"end":{"line":345,"column":29}},"101":{"start":{"line":349,"column":24},"end":{"line":349,"column":34}},"102":{"start":{"line":366,"column":8},"end":{"line":366,"column":18}},"103":{"start":{"line":367,"column":22},"end":{"line":367,"column":40}},"104":{"start":{"line":369,"column":4},"end":{"line":438,"column":6}},"105":{"start":{"line":415,"column":29},"end":{"line":415,"column":60}},"106":{"start":{"line":419,"column":18},"end":{"line":421,"column":29}},"107":{"start":{"line":431,"column":48},"end":{"line":431,"column":98}},"108":{"start":{"line":442,"column":0},"end":{"line":444,"column":2}}},"fnMap":{"0":{"name":"desc","decl":{"start":{"line":20,"column":16},"end":{"line":20,"column":20}},"loc":{"start":{"line":20,"column":36},"end":{"line":28,"column":1}},"line":20},"1":{"name":"stableSort","decl":{"start":{"line":30,"column":16},"end":{"line":30,"column":26}},"loc":{"start":{"line":30,"column":39},"end":{"line":39,"column":1}},"line":30},"2":{"name":"(anonymous_2)","decl":{"start":{"line":31,"column":35},"end":{"line":31,"column":36}},"loc":{"start":{"line":31,"column":50},"end":{"line":31,"column":61}},"line":31},"3":{"name":"(anonymous_3)","decl":{"start":{"line":33,"column":22},"end":{"line":33,"column":23}},"loc":{"start":{"line":33,"column":32},"end":{"line":37,"column":3}},"line":33},"4":{"name":"(anonymous_4)","decl":{"start":{"line":38,"column":28},"end":{"line":38,"column":29}},"loc":{"start":{"line":38,"column":34},"end":{"line":38,"column":39}},"line":38},"5":{"name":"getSorting","decl":{"start":{"line":41,"column":16},"end":{"line":41,"column":26}},"loc":{"start":{"line":41,"column":43},"end":{"line":43,"column":1}},"line":41},"6":{"name":"(anonymous_6)","decl":{"start":{"line":42,"column":28},"end":{"line":42,"column":29}},"loc":{"start":{"line":42,"column":38},"end":{"line":42,"column":57}},"line":42},"7":{"name":"(anonymous_7)","decl":{"start":{"line":42,"column":60},"end":{"line":42,"column":61}},"loc":{"start":{"line":42,"column":70},"end":{"line":42,"column":90}},"line":42},"8":{"name":"(anonymous_8)","decl":{"start":{"line":45,"column":15},"end":{"line":45,"column":16}},"loc":{"start":{"line":45,"column":25},"end":{"line":86,"column":1}},"line":45},"9":{"name":"(anonymous_9)","decl":{"start":{"line":90,"column":2},"end":{"line":90,"column":3}},"loc":{"start":{"line":90,"column":21},"end":{"line":132,"column":3}},"line":90},"10":{"name":"(anonymous_10)","decl":{"start":{"line":134,"column":2},"end":{"line":134,"column":3}},"loc":{"start":{"line":134,"column":22},"end":{"line":136,"column":3}},"line":134},"11":{"name":"(anonymous_11)","decl":{"start":{"line":138,"column":2},"end":{"line":138,"column":3}},"loc":{"start":{"line":138,"column":43},"end":{"line":168,"column":3}},"line":138},"12":{"name":"(anonymous_12)","decl":{"start":{"line":170,"column":2},"end":{"line":170,"column":3}},"loc":{"start":{"line":170,"column":48},"end":{"line":175,"column":3}},"line":170},"13":{"name":"(anonymous_13)","decl":{"start":{"line":177,"column":2},"end":{"line":177,"column":3}},"loc":{"start":{"line":177,"column":28},"end":{"line":179,"column":3}},"line":177},"14":{"name":"(anonymous_14)","decl":{"start":{"line":181,"column":2},"end":{"line":181,"column":3}},"loc":{"start":{"line":181,"column":37},"end":{"line":191,"column":3}},"line":181},"15":{"name":"(anonymous_15)","decl":{"start":{"line":193,"column":2},"end":{"line":193,"column":3}},"loc":{"start":{"line":193,"column":33},"end":{"line":197,"column":3}},"line":193},"16":{"name":"(anonymous_16)","decl":{"start":{"line":199,"column":2},"end":{"line":199,"column":3}},"loc":{"start":{"line":199,"column":29},"end":{"line":206,"column":3}},"line":199},"17":{"name":"(anonymous_17)","decl":{"start":{"line":208,"column":2},"end":{"line":208,"column":3}},"loc":{"start":{"line":208,"column":27},"end":{"line":215,"column":3}},"line":208},"18":{"name":"(anonymous_18)","decl":{"start":{"line":217,"column":2},"end":{"line":217,"column":3}},"loc":{"start":{"line":217,"column":28},"end":{"line":233,"column":3}},"line":217},"19":{"name":"(anonymous_19)","decl":{"start":{"line":219,"column":51},"end":{"line":219,"column":52}},"loc":{"start":{"line":219,"column":61},"end":{"line":228,"column":5}},"line":219},"20":{"name":"(anonymous_20)","decl":{"start":{"line":235,"column":2},"end":{"line":235,"column":3}},"loc":{"start":{"line":235,"column":26},"end":{"line":275,"column":3}},"line":235},"21":{"name":"(anonymous_21)","decl":{"start":{"line":251,"column":10},"end":{"line":251,"column":11}},"loc":{"start":{"line":251,"column":17},"end":{"line":271,"column":11}},"line":251},"22":{"name":"(anonymous_22)","decl":{"start":{"line":277,"column":2},"end":{"line":277,"column":3}},"loc":{"start":{"line":277,"column":22},"end":{"line":331,"column":3}},"line":277},"23":{"name":"(anonymous_23)","decl":{"start":{"line":288,"column":25},"end":{"line":288,"column":26}},"loc":{"start":{"line":288,"column":38},"end":{"line":294,"column":5}},"line":288},"24":{"name":"(anonymous_24)","decl":{"start":{"line":298,"column":14},"end":{"line":298,"column":15}},"loc":{"start":{"line":298,"column":29},"end":{"line":305,"column":9}},"line":298},"25":{"name":"(anonymous_25)","decl":{"start":{"line":305,"column":17},"end":{"line":305,"column":18}},"loc":{"start":{"line":305,"column":26},"end":{"line":308,"column":9}},"line":305},"26":{"name":"(anonymous_26)","decl":{"start":{"line":314,"column":27},"end":{"line":314,"column":28}},"loc":{"start":{"line":314,"column":61},"end":{"line":326,"column":7}},"line":314},"27":{"name":"(anonymous_27)","decl":{"start":{"line":326,"column":16},"end":{"line":326,"column":17}},"loc":{"start":{"line":326,"column":25},"end":{"line":329,"column":7}},"line":326},"28":{"name":"(anonymous_28)","decl":{"start":{"line":333,"column":2},"end":{"line":333,"column":3}},"loc":{"start":{"line":333,"column":16},"end":{"line":346,"column":3}},"line":333},"29":{"name":"(anonymous_29)","decl":{"start":{"line":348,"column":2},"end":{"line":348,"column":3}},"loc":{"start":{"line":348,"column":11},"end":{"line":439,"column":3}},"line":348},"30":{"name":"(anonymous_30)","decl":{"start":{"line":415,"column":24},"end":{"line":415,"column":25}},"loc":{"start":{"line":415,"column":29},"end":{"line":415,"column":60}},"line":415},"31":{"name":"(anonymous_31)","decl":{"start":{"line":418,"column":32},"end":{"line":418,"column":33}},"loc":{"start":{"line":419,"column":18},"end":{"line":421,"column":29}},"line":419},"32":{"name":"(anonymous_32)","decl":{"start":{"line":431,"column":14},"end":{"line":431,"column":15}},"loc":{"start":{"line":431,"column":48},"end":{"line":431,"column":98}},"line":431}},"branchMap":{"0":{"loc":{"start":{"line":21,"column":2},"end":{"line":23,"column":3}},"type":"if","locations":[{"start":{"line":21,"column":2},"end":{"line":23,"column":3}},{"start":{"line":21,"column":2},"end":{"line":23,"column":3}}],"line":21},"1":{"loc":{"start":{"line":24,"column":2},"end":{"line":26,"column":3}},"type":"if","locations":[{"start":{"line":24,"column":2},"end":{"line":26,"column":3}},{"start":{"line":24,"column":2},"end":{"line":26,"column":3}}],"line":24},"2":{"loc":{"start":{"line":35,"column":4},"end":{"line":35,"column":34}},"type":"if","locations":[{"start":{"line":35,"column":4},"end":{"line":35,"column":34}},{"start":{"line":35,"column":4},"end":{"line":35,"column":34}}],"line":35},"3":{"loc":{"start":{"line":42,"column":9},"end":{"line":42,"column":90}},"type":"cond-expr","locations":[{"start":{"line":42,"column":28},"end":{"line":42,"column":57}},{"start":{"line":42,"column":60},"end":{"line":42,"column":90}}],"line":42},"4":{"loc":{"start":{"line":117,"column":4},"end":{"line":121,"column":5}},"type":"if","locations":[{"start":{"line":117,"column":4},"end":{"line":121,"column":5}},{"start":{"line":117,"column":4},"end":{"line":121,"column":5}}],"line":117},"5":{"loc":{"start":{"line":117,"column":8},"end":{"line":117,"column":55}},"type":"binary-expr","locations":[{"start":{"line":117,"column":8},"end":{"line":117,"column":27}},{"start":{"line":117,"column":31},"end":{"line":117,"column":55}}],"line":117},"6":{"loc":{"start":{"line":149,"column":4},"end":{"line":151,"column":5}},"type":"if","locations":[{"start":{"line":149,"column":4},"end":{"line":151,"column":5}},{"start":{"line":149,"column":4},"end":{"line":151,"column":5}}],"line":149},"7":{"loc":{"start":{"line":152,"column":4},"end":{"line":154,"column":5}},"type":"if","locations":[{"start":{"line":152,"column":4},"end":{"line":154,"column":5}},{"start":{"line":152,"column":4},"end":{"line":154,"column":5}}],"line":152},"8":{"loc":{"start":{"line":155,"column":4},"end":{"line":158,"column":5}},"type":"if","locations":[{"start":{"line":155,"column":4},"end":{"line":158,"column":5}},{"start":{"line":155,"column":4},"end":{"line":158,"column":5}}],"line":155},"9":{"loc":{"start":{"line":155,"column":8},"end":{"line":156,"column":52}},"type":"binary-expr","locations":[{"start":{"line":155,"column":8},"end":{"line":155,"column":55}},{"start":{"line":156,"column":9},"end":{"line":156,"column":52}}],"line":155},"10":{"loc":{"start":{"line":159,"column":4},"end":{"line":161,"column":5}},"type":"if","locations":[{"start":{"line":159,"column":4},"end":{"line":161,"column":5}},{"start":{"line":159,"column":4},"end":{"line":161,"column":5}}],"line":159},"11":{"loc":{"start":{"line":162,"column":4},"end":{"line":164,"column":5}},"type":"if","locations":[{"start":{"line":162,"column":4},"end":{"line":164,"column":5}},{"start":{"line":162,"column":4},"end":{"line":164,"column":5}}],"line":162},"12":{"loc":{"start":{"line":165,"column":4},"end":{"line":167,"column":5}},"type":"if","locations":[{"start":{"line":165,"column":4},"end":{"line":167,"column":5}},{"start":{"line":165,"column":4},"end":{"line":167,"column":5}}],"line":165},"13":{"loc":{"start":{"line":186,"column":4},"end":{"line":188,"column":5}},"type":"if","locations":[{"start":{"line":186,"column":4},"end":{"line":188,"column":5}},{"start":{"line":186,"column":4},"end":{"line":188,"column":5}}],"line":186},"14":{"loc":{"start":{"line":186,"column":8},"end":{"line":186,"column":48}},"type":"binary-expr","locations":[{"start":{"line":186,"column":8},"end":{"line":186,"column":28}},{"start":{"line":186,"column":32},"end":{"line":186,"column":48}}],"line":186},"15":{"loc":{"start":{"line":221,"column":6},"end":{"line":223,"column":7}},"type":"if","locations":[{"start":{"line":221,"column":6},"end":{"line":223,"column":7}},{"start":{"line":221,"column":6},"end":{"line":223,"column":7}}],"line":221},"16":{"loc":{"start":{"line":224,"column":6},"end":{"line":226,"column":7}},"type":"if","locations":[{"start":{"line":224,"column":6},"end":{"line":226,"column":7}},{"start":{"line":224,"column":6},"end":{"line":226,"column":7}}],"line":224},"17":{"loc":{"start":{"line":240,"column":4},"end":{"line":273,"column":5}},"type":"if","locations":[{"start":{"line":240,"column":4},"end":{"line":273,"column":5}},{"start":{"line":240,"column":4},"end":{"line":273,"column":5}}],"line":240},"18":{"loc":{"start":{"line":289,"column":6},"end":{"line":293,"column":7}},"type":"if","locations":[{"start":{"line":289,"column":6},"end":{"line":293,"column":7}},{"start":{"line":289,"column":6},"end":{"line":293,"column":7}}],"line":289},"19":{"loc":{"start":{"line":296,"column":4},"end":{"line":330,"column":5}},"type":"if","locations":[{"start":{"line":296,"column":4},"end":{"line":330,"column":5}},{"start":{"line":296,"column":4},"end":{"line":330,"column":5}}],"line":296},"20":{"loc":{"start":{"line":398,"column":16},"end":{"line":402,"column":17}},"type":"binary-expr","locations":[{"start":{"line":398,"column":16},"end":{"line":398,"column":29}},{"start":{"line":399,"column":18},"end":{"line":401,"column":29}}],"line":398},"21":{"loc":{"start":{"line":436,"column":10},"end":{"line":436,"column":67}},"type":"cond-expr","locations":[{"start":{"line":436,"column":23},"end":{"line":436,"column":59}},{"start":{"line":436,"column":63},"end":{"line":436,"column":67}}],"line":436}},"s":{"0":10,"1":1,"2":9,"3":3,"4":6,"5":27,"6":34,"7":27,"8":7,"9":7,"10":2,"11":5,"12":27,"13":34,"14":27,"15":1,"16":6,"17":3,"18":4,"19":3,"20":19,"21":19,"22":19,"23":19,"24":16,"25":3,"26":19,"27":19,"28":19,"29":19,"30":19,"31":19,"32":19,"33":19,"34":19,"35":19,"36":19,"37":66,"38":66,"39":4,"40":66,"41":2,"42":66,"43":2,"44":66,"45":2,"46":66,"47":2,"48":66,"49":2,"50":2,"51":1,"52":2,"53":2,"54":2,"55":2,"56":1,"57":2,"58":1,"59":1,"60":1,"61":1,"62":1,"63":1,"64":1,"65":3,"66":3,"67":1,"68":3,"69":1,"70":3,"71":1,"72":87,"73":87,"74":87,"75":63,"76":24,"77":28,"78":28,"79":87,"80":38,"81":38,"82":38,"83":38,"84":6,"85":2,"86":4,"87":38,"88":32,"89":2,"90":2,"91":3,"92":3,"93":6,"94":2,"95":2,"96":2,"97":2,"98":2,"99":1,"100":1,"101":85,"102":85,"103":85,"104":85,"105":1,"106":340,"107":2,"108":3},"f":{"0":10,"1":27,"2":34,"3":7,"4":34,"5":27,"6":1,"7":6,"8":4,"9":19,"10":19,"11":66,"12":2,"13":1,"14":2,"15":1,"16":1,"17":1,"18":1,"19":3,"20":87,"21":28,"22":38,"23":6,"24":2,"25":3,"26":2,"27":2,"28":1,"29":85,"30":1,"31":340,"32":2},"b":{"0":[1,9],"1":[3,6],"2":[2,5],"3":[1,26],"4":[16,3],"5":[19,16],"6":[4,62],"7":[2,64],"8":[2,64],"9":[66,66],"10":[2,64],"11":[2,64],"12":[2,64],"13":[1,1],"14":[2,2],"15":[1,2],"16":[1,2],"17":[63,24],"18":[2,4],"19":[32,6],"20":[85,85],"21":[73,12]},"_coverageSchema":"43e27e138ebf9cfc5966b082cf9a028302ed4184","hash":"d138d1e2a9fdde73fbb41160f9a37690fcca3823"}
,"C:\\Users\\Mtech\\Desktop\\dynamic-table\\src\\components\\trades\\TradeTableHead.jsx": {"path":"C:\\Users\\Mtech\\Desktop\\dynamic-table\\src\\components\\trades\\TradeTableHead.jsx","statementMap":{"0":{"start":{"line":10,"column":13},"end":{"line":29,"column":1}},"1":{"start":{"line":32,"column":34},"end":{"line":35,"column":3}},"2":{"start":{"line":33,"column":30},"end":{"line":33,"column":40}},"3":{"start":{"line":34,"column":4},"end":{"line":34,"column":35}},"4":{"start":{"line":40,"column":8},"end":{"line":40,"column":18}},"5":{"start":{"line":42,"column":4},"end":{"line":73,"column":6}},"6":{"start":{"line":48,"column":14},"end":{"line":67,"column":26}},"7":{"start":{"line":77,"column":0},"end":{"line":81,"column":2}}},"fnMap":{"0":{"name":"(anonymous_0)","decl":{"start":{"line":32,"column":22},"end":{"line":32,"column":23}},"loc":{"start":{"line":32,"column":34},"end":{"line":35,"column":3}},"line":32},"1":{"name":"(anonymous_1)","decl":{"start":{"line":32,"column":34},"end":{"line":32,"column":35}},"loc":{"start":{"line":32,"column":45},"end":{"line":35,"column":3}},"line":32},"2":{"name":"(anonymous_2)","decl":{"start":{"line":37,"column":2},"end":{"line":37,"column":3}},"loc":{"start":{"line":37,"column":11},"end":{"line":74,"column":3}},"line":37},"3":{"name":"(anonymous_3)","decl":{"start":{"line":47,"column":12},"end":{"line":47,"column":13}},"loc":{"start":{"line":48,"column":14},"end":{"line":67,"column":26}},"line":48}},"branchMap":{"0":{"loc":{"start":{"line":50,"column":23},"end":{"line":50,"column":53}},"type":"cond-expr","locations":[{"start":{"line":50,"column":37},"end":{"line":50,"column":44}},{"start":{"line":50,"column":47},"end":{"line":50,"column":53}}],"line":50},"1":{"loc":{"start":{"line":51,"column":25},"end":{"line":51,"column":64}},"type":"cond-expr","locations":[{"start":{"line":51,"column":46},"end":{"line":51,"column":52}},{"start":{"line":51,"column":55},"end":{"line":51,"column":64}}],"line":51},"2":{"loc":{"start":{"line":52,"column":31},"end":{"line":52,"column":65}},"type":"cond-expr","locations":[{"start":{"line":52,"column":52},"end":{"line":52,"column":57}},{"start":{"line":52,"column":60},"end":{"line":52,"column":65}}],"line":52},"3":{"loc":{"start":{"line":56,"column":29},"end":{"line":56,"column":72}},"type":"cond-expr","locations":[{"start":{"line":56,"column":43},"end":{"line":56,"column":55}},{"start":{"line":56,"column":58},"end":{"line":56,"column":72}}],"line":56}},"s":{"0":4,"1":66,"2":1,"3":1,"4":11,"5":11,"6":66,"7":4},"f":{"0":66,"1":1,"2":11,"3":66},"b":{"0":[55,11],"1":[11,55],"2":[11,55],"3":[55,11]},"_coverageSchema":"43e27e138ebf9cfc5966b082cf9a028302ed4184","hash":"1ae01a8a0e1cc53236e5243adb5095920d43ebc3"}
,"C:\\Users\\Mtech\\Desktop\\dynamic-table\\src\\components\\trades\\TradeTableToolbar.jsx": {"path":"C:\\Users\\Mtech\\Desktop\\dynamic-table\\src\\components\\trades\\TradeTableToolbar.jsx","statementMap":{"0":{"start":{"line":21,"column":22},"end":{"line":149,"column":2}},"1":{"start":{"line":21,"column":32},"end":{"line":149,"column":1}},"2":{"start":{"line":151,"column":20},"end":{"line":151,"column":22}},"3":{"start":{"line":152,"column":25},"end":{"line":152,"column":26}},"4":{"start":{"line":153,"column":18},"end":{"line":160,"column":1}},"5":{"start":{"line":162,"column":24},"end":{"line":252,"column":1}},"6":{"start":{"line":175,"column":6},"end":{"line":175,"column":11}},"7":{"start":{"line":177,"column":2},"end":{"line":251,"column":4}},"8":{"start":{"line":228,"column":27},"end":{"line":228,"column":48}},"9":{"start":{"line":230,"column":37},"end":{"line":230,"column":56}},"10":{"start":{"line":235,"column":14},"end":{"line":238,"column":25}},"11":{"start":{"line":254,"column":0},"end":{"line":266,"column":2}}},"fnMap":{"0":{"name":"(anonymous_0)","decl":{"start":{"line":21,"column":22},"end":{"line":21,"column":23}},"loc":{"start":{"line":21,"column":32},"end":{"line":149,"column":1}},"line":21},"1":{"name":"(anonymous_1)","decl":{"start":{"line":162,"column":24},"end":{"line":162,"column":25}},"loc":{"start":{"line":162,"column":35},"end":{"line":252,"column":1}},"line":162},"2":{"name":"(anonymous_2)","decl":{"start":{"line":228,"column":22},"end":{"line":228,"column":23}},"loc":{"start":{"line":228,"column":27},"end":{"line":228,"column":48}},"line":228},"3":{"name":"(anonymous_3)","decl":{"start":{"line":230,"column":25},"end":{"line":230,"column":26}},"loc":{"start":{"line":230,"column":37},"end":{"line":230,"column":56}},"line":230},"4":{"name":"(anonymous_4)","decl":{"start":{"line":234,"column":41},"end":{"line":234,"column":42}},"loc":{"start":{"line":235,"column":14},"end":{"line":238,"column":25}},"line":235}},"branchMap":{"0":{"loc":{"start":{"line":27,"column":4},"end":{"line":35,"column":7}},"type":"cond-expr","locations":[{"start":{"line":28,"column":8},"end":{"line":31,"column":7}},{"start":{"line":32,"column":8},"end":{"line":35,"column":7}}],"line":27}},"s":{"0":4,"1":4,"2":4,"3":4,"4":4,"5":4,"6":13,"7":13,"8":1,"9":1,"10":65,"11":4},"f":{"0":4,"1":13,"2":1,"3":1,"4":65},"b":{"0":[4,0]},"_coverageSchema":"43e27e138ebf9cfc5966b082cf9a028302ed4184","hash":"3af27475342a1daa311c7649582638ab990abc57"}
,"C:\\Users\\Mtech\\Desktop\\dynamic-table\\src\\components\\withdraws\\WithDraw.jsx": {"path":"C:\\Users\\Mtech\\Desktop\\dynamic-table\\src\\components\\withdraws\\WithDraw.jsx","statementMap":{"0":{"start":{"line":5,"column":17},"end":{"line":9,"column":1}},"1":{"start":{"line":6,"column":2},"end":{"line":8,"column":19}}},"fnMap":{"0":{"name":"(anonymous_0)","decl":{"start":{"line":5,"column":17},"end":{"line":5,"column":18}},"loc":{"start":{"line":6,"column":2},"end":{"line":8,"column":19}},"line":6}},"branchMap":{},"s":{"0":3,"1":2},"f":{"0":2},"b":{},"_coverageSchema":"43e27e138ebf9cfc5966b082cf9a028302ed4184","hash":"ab60038fec4c219431646068706da24c64b3c9be"}
,"C:\\Users\\Mtech\\Desktop\\dynamic-table\\src\\components\\withdraws\\WithDrawTable.jsx": {"path":"C:\\Users\\Mtech\\Desktop\\dynamic-table\\src\\components\\withdraws\\WithDrawTable.jsx","statementMap":{"0":{"start":{"line":21,"column":2},"end":{"line":23,"column":3}},"1":{"start":{"line":22,"column":4},"end":{"line":22,"column":14}},"2":{"start":{"line":24,"column":2},"end":{"line":26,"column":3}},"3":{"start":{"line":25,"column":4},"end":{"line":25,"column":13}},"4":{"start":{"line":27,"column":2},"end":{"line":27,"column":11}},"5":{"start":{"line":31,"column":25},"end":{"line":31,"column":62}},"6":{"start":{"line":31,"column":50},"end":{"line":31,"column":61}},"7":{"start":{"line":32,"column":2},"end":{"line":36,"column":5}},"8":{"start":{"line":33,"column":18},"end":{"line":33,"column":33}},"9":{"start":{"line":34,"column":4},"end":{"line":34,"column":34}},"10":{"start":{"line":34,"column":21},"end":{"line":34,"column":34}},"11":{"start":{"line":35,"column":4},"end":{"line":35,"column":23}},"12":{"start":{"line":37,"column":2},"end":{"line":37,"column":41}},"13":{"start":{"line":37,"column":34},"end":{"line":37,"column":39}},"14":{"start":{"line":41,"column":2},"end":{"line":41,"column":91}},"15":{"start":{"line":41,"column":38},"end":{"line":41,"column":57}},"16":{"start":{"line":41,"column":70},"end":{"line":41,"column":90}},"17":{"start":{"line":44,"column":15},"end":{"line":85,"column":2}},"18":{"start":{"line":44,"column":25},"end":{"line":85,"column":1}},"19":{"start":{"line":86,"column":20},"end":{"line":86,"column":35}},"20":{"start":{"line":90,"column":4},"end":{"line":90,"column":17}},"21":{"start":{"line":91,"column":4},"end":{"line":110,"column":6}},"22":{"start":{"line":112,"column":23},"end":{"line":112,"column":60}},"23":{"start":{"line":113,"column":4},"end":{"line":117,"column":5}},"24":{"start":{"line":114,"column":6},"end":{"line":114,"column":42}},"25":{"start":{"line":116,"column":6},"end":{"line":116,"column":72}},"26":{"start":{"line":118,"column":4},"end":{"line":118,"column":59}},"27":{"start":{"line":119,"column":4},"end":{"line":119,"column":65}},"28":{"start":{"line":120,"column":4},"end":{"line":120,"column":63}},"29":{"start":{"line":121,"column":4},"end":{"line":121,"column":75}},"30":{"start":{"line":122,"column":4},"end":{"line":122,"column":69}},"31":{"start":{"line":123,"column":4},"end":{"line":123,"column":65}},"32":{"start":{"line":124,"column":4},"end":{"line":124,"column":65}},"33":{"start":{"line":125,"column":4},"end":{"line":125,"column":63}},"34":{"start":{"line":126,"column":4},"end":{"line":126,"column":51}},"35":{"start":{"line":127,"column":4},"end":{"line":127,"column":63}},"36":{"start":{"line":131,"column":4},"end":{"line":131,"column":29}},"37":{"start":{"line":143,"column":8},"end":{"line":143,"column":18}},"38":{"start":{"line":145,"column":4},"end":{"line":147,"column":5}},"39":{"start":{"line":146,"column":6},"end":{"line":146,"column":31}},"40":{"start":{"line":148,"column":4},"end":{"line":150,"column":5}},"41":{"start":{"line":149,"column":6},"end":{"line":149,"column":31}},"42":{"start":{"line":151,"column":4},"end":{"line":154,"column":5}},"43":{"start":{"line":153,"column":6},"end":{"line":153,"column":31}},"44":{"start":{"line":155,"column":4},"end":{"line":157,"column":5}},"45":{"start":{"line":156,"column":6},"end":{"line":156,"column":31}},"46":{"start":{"line":158,"column":4},"end":{"line":160,"column":5}},"47":{"start":{"line":159,"column":6},"end":{"line":159,"column":31}},"48":{"start":{"line":161,"column":4},"end":{"line":163,"column":5}},"49":{"start":{"line":162,"column":6},"end":{"line":162,"column":31}},"50":{"start":{"line":167,"column":4},"end":{"line":170,"column":7}},"51":{"start":{"line":174,"column":4},"end":{"line":174,"column":56}},"52":{"start":{"line":178,"column":23},"end":{"line":178,"column":31}},"53":{"start":{"line":179,"column":19},"end":{"line":179,"column":25}},"54":{"start":{"line":181,"column":31},"end":{"line":181,"column":41}},"55":{"start":{"line":182,"column":4},"end":{"line":184,"column":5}},"56":{"start":{"line":183,"column":6},"end":{"line":183,"column":23}},"57":{"start":{"line":186,"column":4},"end":{"line":186,"column":60}},"58":{"start":{"line":190,"column":4},"end":{"line":192,"column":7}},"59":{"start":{"line":196,"column":31},"end":{"line":196,"column":41}},"60":{"start":{"line":198,"column":4},"end":{"line":201,"column":7}},"61":{"start":{"line":205,"column":33},"end":{"line":205,"column":43}},"62":{"start":{"line":207,"column":4},"end":{"line":210,"column":7}},"63":{"start":{"line":214,"column":28},"end":{"line":214,"column":100}},"64":{"start":{"line":214,"column":60},"end":{"line":214,"column":98}},"65":{"start":{"line":215,"column":4},"end":{"line":218,"column":7}},"66":{"start":{"line":228,"column":8},"end":{"line":228,"column":18}},"67":{"start":{"line":229,"column":4},"end":{"line":229,"column":39}},"68":{"start":{"line":230,"column":17},"end":{"line":230,"column":19}},"69":{"start":{"line":232,"column":4},"end":{"line":238,"column":7}},"70":{"start":{"line":233,"column":6},"end":{"line":237,"column":7}},"71":{"start":{"line":234,"column":8},"end":{"line":234,"column":28}},"72":{"start":{"line":236,"column":8},"end":{"line":236,"column":30}},"73":{"start":{"line":240,"column":4},"end":{"line":274,"column":5}},"74":{"start":{"line":241,"column":6},"end":{"line":252,"column":11}},"75":{"start":{"line":243,"column":10},"end":{"line":247,"column":13}},"76":{"start":{"line":248,"column":10},"end":{"line":248,"column":76}},"77":{"start":{"line":250,"column":10},"end":{"line":250,"column":46}},"78":{"start":{"line":251,"column":10},"end":{"line":251,"column":36}},"79":{"start":{"line":254,"column":6},"end":{"line":273,"column":9}},"80":{"start":{"line":259,"column":29},"end":{"line":261,"column":40}},"81":{"start":{"line":262,"column":8},"end":{"line":268,"column":11}},"82":{"start":{"line":269,"column":8},"end":{"line":269,"column":74}},"83":{"start":{"line":271,"column":8},"end":{"line":271,"column":44}},"84":{"start":{"line":272,"column":8},"end":{"line":272,"column":34}},"85":{"start":{"line":278,"column":31},"end":{"line":278,"column":41}},"86":{"start":{"line":280,"column":16},"end":{"line":280,"column":18}},"87":{"start":{"line":282,"column":4},"end":{"line":314,"column":5}},"88":{"start":{"line":283,"column":6},"end":{"line":289,"column":8}},"89":{"start":{"line":291,"column":6},"end":{"line":313,"column":10}},"90":{"start":{"line":294,"column":12},"end":{"line":294,"column":62}},"91":{"start":{"line":295,"column":12},"end":{"line":311,"column":14}},"92":{"start":{"line":315,"column":4},"end":{"line":315,"column":17}},"93":{"start":{"line":319,"column":4},"end":{"line":329,"column":7}},"94":{"start":{"line":330,"column":4},"end":{"line":330,"column":29}},"95":{"start":{"line":334,"column":24},"end":{"line":334,"column":34}},"96":{"start":{"line":351,"column":8},"end":{"line":351,"column":18}},"97":{"start":{"line":352,"column":22},"end":{"line":352,"column":40}},"98":{"start":{"line":354,"column":4},"end":{"line":420,"column":6}},"99":{"start":{"line":397,"column":29},"end":{"line":397,"column":60}},"100":{"start":{"line":401,"column":18},"end":{"line":403,"column":29}},"101":{"start":{"line":413,"column":48},"end":{"line":413,"column":98}},"102":{"start":{"line":424,"column":0},"end":{"line":426,"column":2}}},"fnMap":{"0":{"name":"desc","decl":{"start":{"line":20,"column":16},"end":{"line":20,"column":20}},"loc":{"start":{"line":20,"column":36},"end":{"line":28,"column":1}},"line":20},"1":{"name":"stableSort","decl":{"start":{"line":30,"column":16},"end":{"line":30,"column":26}},"loc":{"start":{"line":30,"column":39},"end":{"line":38,"column":1}},"line":30},"2":{"name":"(anonymous_2)","decl":{"start":{"line":31,"column":35},"end":{"line":31,"column":36}},"loc":{"start":{"line":31,"column":50},"end":{"line":31,"column":61}},"line":31},"3":{"name":"(anonymous_3)","decl":{"start":{"line":32,"column":22},"end":{"line":32,"column":23}},"loc":{"start":{"line":32,"column":32},"end":{"line":36,"column":3}},"line":32},"4":{"name":"(anonymous_4)","decl":{"start":{"line":37,"column":28},"end":{"line":37,"column":29}},"loc":{"start":{"line":37,"column":34},"end":{"line":37,"column":39}},"line":37},"5":{"name":"getSorting","decl":{"start":{"line":40,"column":16},"end":{"line":40,"column":26}},"loc":{"start":{"line":40,"column":43},"end":{"line":42,"column":1}},"line":40},"6":{"name":"(anonymous_6)","decl":{"start":{"line":41,"column":28},"end":{"line":41,"column":29}},"loc":{"start":{"line":41,"column":38},"end":{"line":41,"column":57}},"line":41},"7":{"name":"(anonymous_7)","decl":{"start":{"line":41,"column":60},"end":{"line":41,"column":61}},"loc":{"start":{"line":41,"column":70},"end":{"line":41,"column":90}},"line":41},"8":{"name":"(anonymous_8)","decl":{"start":{"line":44,"column":15},"end":{"line":44,"column":16}},"loc":{"start":{"line":44,"column":25},"end":{"line":85,"column":1}},"line":44},"9":{"name":"(anonymous_9)","decl":{"start":{"line":89,"column":2},"end":{"line":89,"column":3}},"loc":{"start":{"line":89,"column":21},"end":{"line":128,"column":3}},"line":89},"10":{"name":"(anonymous_10)","decl":{"start":{"line":130,"column":2},"end":{"line":130,"column":3}},"loc":{"start":{"line":130,"column":22},"end":{"line":132,"column":3}},"line":130},"11":{"name":"(anonymous_11)","decl":{"start":{"line":134,"column":2},"end":{"line":134,"column":3}},"loc":{"start":{"line":134,"column":43},"end":{"line":164,"column":3}},"line":134},"12":{"name":"(anonymous_12)","decl":{"start":{"line":166,"column":2},"end":{"line":166,"column":3}},"loc":{"start":{"line":166,"column":48},"end":{"line":171,"column":3}},"line":166},"13":{"name":"(anonymous_13)","decl":{"start":{"line":173,"column":2},"end":{"line":173,"column":3}},"loc":{"start":{"line":173,"column":28},"end":{"line":175,"column":3}},"line":173},"14":{"name":"(anonymous_14)","decl":{"start":{"line":177,"column":2},"end":{"line":177,"column":3}},"loc":{"start":{"line":177,"column":37},"end":{"line":187,"column":3}},"line":177},"15":{"name":"(anonymous_15)","decl":{"start":{"line":189,"column":2},"end":{"line":189,"column":3}},"loc":{"start":{"line":189,"column":33},"end":{"line":193,"column":3}},"line":189},"16":{"name":"(anonymous_16)","decl":{"start":{"line":195,"column":2},"end":{"line":195,"column":3}},"loc":{"start":{"line":195,"column":29},"end":{"line":202,"column":3}},"line":195},"17":{"name":"(anonymous_17)","decl":{"start":{"line":204,"column":2},"end":{"line":204,"column":3}},"loc":{"start":{"line":204,"column":27},"end":{"line":211,"column":3}},"line":204},"18":{"name":"(anonymous_18)","decl":{"start":{"line":213,"column":2},"end":{"line":213,"column":3}},"loc":{"start":{"line":213,"column":28},"end":{"line":219,"column":3}},"line":213},"19":{"name":"(anonymous_19)","decl":{"start":{"line":214,"column":51},"end":{"line":214,"column":52}},"loc":{"start":{"line":214,"column":60},"end":{"line":214,"column":98}},"line":214},"20":{"name":"(anonymous_20)","decl":{"start":{"line":221,"column":2},"end":{"line":221,"column":3}},"loc":{"start":{"line":221,"column":22},"end":{"line":275,"column":3}},"line":221},"21":{"name":"(anonymous_21)","decl":{"start":{"line":232,"column":25},"end":{"line":232,"column":26}},"loc":{"start":{"line":232,"column":38},"end":{"line":238,"column":5}},"line":232},"22":{"name":"(anonymous_22)","decl":{"start":{"line":242,"column":14},"end":{"line":242,"column":15}},"loc":{"start":{"line":242,"column":29},"end":{"line":249,"column":9}},"line":242},"23":{"name":"(anonymous_23)","decl":{"start":{"line":249,"column":17},"end":{"line":249,"column":18}},"loc":{"start":{"line":249,"column":26},"end":{"line":252,"column":9}},"line":249},"24":{"name":"(anonymous_24)","decl":{"start":{"line":258,"column":27},"end":{"line":258,"column":28}},"loc":{"start":{"line":258,"column":61},"end":{"line":270,"column":7}},"line":258},"25":{"name":"(anonymous_25)","decl":{"start":{"line":270,"column":16},"end":{"line":270,"column":17}},"loc":{"start":{"line":270,"column":25},"end":{"line":273,"column":7}},"line":270},"26":{"name":"(anonymous_26)","decl":{"start":{"line":277,"column":2},"end":{"line":277,"column":3}},"loc":{"start":{"line":277,"column":26},"end":{"line":316,"column":3}},"line":277},"27":{"name":"(anonymous_27)","decl":{"start":{"line":293,"column":10},"end":{"line":293,"column":11}},"loc":{"start":{"line":293,"column":17},"end":{"line":312,"column":11}},"line":293},"28":{"name":"(anonymous_28)","decl":{"start":{"line":318,"column":2},"end":{"line":318,"column":3}},"loc":{"start":{"line":318,"column":16},"end":{"line":331,"column":3}},"line":318},"29":{"name":"(anonymous_29)","decl":{"start":{"line":333,"column":2},"end":{"line":333,"column":3}},"loc":{"start":{"line":333,"column":11},"end":{"line":421,"column":3}},"line":333},"30":{"name":"(anonymous_30)","decl":{"start":{"line":397,"column":24},"end":{"line":397,"column":25}},"loc":{"start":{"line":397,"column":29},"end":{"line":397,"column":60}},"line":397},"31":{"name":"(anonymous_31)","decl":{"start":{"line":400,"column":32},"end":{"line":400,"column":33}},"loc":{"start":{"line":401,"column":18},"end":{"line":403,"column":29}},"line":401},"32":{"name":"(anonymous_32)","decl":{"start":{"line":413,"column":14},"end":{"line":413,"column":15}},"loc":{"start":{"line":413,"column":48},"end":{"line":413,"column":98}},"line":413}},"branchMap":{"0":{"loc":{"start":{"line":21,"column":2},"end":{"line":23,"column":3}},"type":"if","locations":[{"start":{"line":21,"column":2},"end":{"line":23,"column":3}},{"start":{"line":21,"column":2},"end":{"line":23,"column":3}}],"line":21},"1":{"loc":{"start":{"line":24,"column":2},"end":{"line":26,"column":3}},"type":"if","locations":[{"start":{"line":24,"column":2},"end":{"line":26,"column":3}},{"start":{"line":24,"column":2},"end":{"line":26,"column":3}}],"line":24},"2":{"loc":{"start":{"line":34,"column":4},"end":{"line":34,"column":34}},"type":"if","locations":[{"start":{"line":34,"column":4},"end":{"line":34,"column":34}},{"start":{"line":34,"column":4},"end":{"line":34,"column":34}}],"line":34},"3":{"loc":{"start":{"line":41,"column":9},"end":{"line":41,"column":90}},"type":"cond-expr","locations":[{"start":{"line":41,"column":28},"end":{"line":41,"column":57}},{"start":{"line":41,"column":60},"end":{"line":41,"column":90}}],"line":41},"4":{"loc":{"start":{"line":113,"column":4},"end":{"line":117,"column":5}},"type":"if","locations":[{"start":{"line":113,"column":4},"end":{"line":117,"column":5}},{"start":{"line":113,"column":4},"end":{"line":117,"column":5}}],"line":113},"5":{"loc":{"start":{"line":113,"column":8},"end":{"line":113,"column":55}},"type":"binary-expr","locations":[{"start":{"line":113,"column":8},"end":{"line":113,"column":27}},{"start":{"line":113,"column":31},"end":{"line":113,"column":55}}],"line":113},"6":{"loc":{"start":{"line":145,"column":4},"end":{"line":147,"column":5}},"type":"if","locations":[{"start":{"line":145,"column":4},"end":{"line":147,"column":5}},{"start":{"line":145,"column":4},"end":{"line":147,"column":5}}],"line":145},"7":{"loc":{"start":{"line":148,"column":4},"end":{"line":150,"column":5}},"type":"if","locations":[{"start":{"line":148,"column":4},"end":{"line":150,"column":5}},{"start":{"line":148,"column":4},"end":{"line":150,"column":5}}],"line":148},"8":{"loc":{"start":{"line":151,"column":4},"end":{"line":154,"column":5}},"type":"if","locations":[{"start":{"line":151,"column":4},"end":{"line":154,"column":5}},{"start":{"line":151,"column":4},"end":{"line":154,"column":5}}],"line":151},"9":{"loc":{"start":{"line":151,"column":8},"end":{"line":152,"column":52}},"type":"binary-expr","locations":[{"start":{"line":151,"column":8},"end":{"line":151,"column":55}},{"start":{"line":152,"column":9},"end":{"line":152,"column":52}}],"line":151},"10":{"loc":{"start":{"line":155,"column":4},"end":{"line":157,"column":5}},"type":"if","locations":[{"start":{"line":155,"column":4},"end":{"line":157,"column":5}},{"start":{"line":155,"column":4},"end":{"line":157,"column":5}}],"line":155},"11":{"loc":{"start":{"line":158,"column":4},"end":{"line":160,"column":5}},"type":"if","locations":[{"start":{"line":158,"column":4},"end":{"line":160,"column":5}},{"start":{"line":158,"column":4},"end":{"line":160,"column":5}}],"line":158},"12":{"loc":{"start":{"line":161,"column":4},"end":{"line":163,"column":5}},"type":"if","locations":[{"start":{"line":161,"column":4},"end":{"line":163,"column":5}},{"start":{"line":161,"column":4},"end":{"line":163,"column":5}}],"line":161},"13":{"loc":{"start":{"line":182,"column":4},"end":{"line":184,"column":5}},"type":"if","locations":[{"start":{"line":182,"column":4},"end":{"line":184,"column":5}},{"start":{"line":182,"column":4},"end":{"line":184,"column":5}}],"line":182},"14":{"loc":{"start":{"line":182,"column":8},"end":{"line":182,"column":48}},"type":"binary-expr","locations":[{"start":{"line":182,"column":8},"end":{"line":182,"column":28}},{"start":{"line":182,"column":32},"end":{"line":182,"column":48}}],"line":182},"15":{"loc":{"start":{"line":233,"column":6},"end":{"line":237,"column":7}},"type":"if","locations":[{"start":{"line":233,"column":6},"end":{"line":237,"column":7}},{"start":{"line":233,"column":6},"end":{"line":237,"column":7}}],"line":233},"16":{"loc":{"start":{"line":240,"column":4},"end":{"line":274,"column":5}},"type":"if","locations":[{"start":{"line":240,"column":4},"end":{"line":274,"column":5}},{"start":{"line":240,"column":4},"end":{"line":274,"column":5}}],"line":240},"17":{"loc":{"start":{"line":282,"column":4},"end":{"line":314,"column":5}},"type":"if","locations":[{"start":{"line":282,"column":4},"end":{"line":314,"column":5}},{"start":{"line":282,"column":4},"end":{"line":314,"column":5}}],"line":282},"18":{"loc":{"start":{"line":381,"column":15},"end":{"line":385,"column":15}},"type":"binary-expr","locations":[{"start":{"line":381,"column":15},"end":{"line":381,"column":28}},{"start":{"line":382,"column":16},"end":{"line":384,"column":27}}],"line":381},"19":{"loc":{"start":{"line":418,"column":10},"end":{"line":418,"column":67}},"type":"cond-expr","locations":[{"start":{"line":418,"column":23},"end":{"line":418,"column":59}},{"start":{"line":418,"column":63},"end":{"line":418,"column":67}}],"line":418}},"s":{"0":10,"1":1,"2":9,"3":3,"4":6,"5":27,"6":34,"7":27,"8":7,"9":7,"10":2,"11":5,"12":27,"13":34,"14":27,"15":1,"16":6,"17":4,"18":3,"19":4,"20":16,"21":16,"22":16,"23":16,"24":14,"25":2,"26":16,"27":16,"28":16,"29":16,"30":16,"31":16,"32":16,"33":16,"34":16,"35":16,"36":16,"37":62,"38":62,"39":4,"40":62,"41":2,"42":62,"43":1,"44":62,"45":2,"46":62,"47":2,"48":62,"49":2,"50":2,"51":1,"52":2,"53":2,"54":2,"55":2,"56":1,"57":2,"58":1,"59":1,"60":1,"61":1,"62":1,"63":1,"64":2,"65":1,"66":34,"67":34,"68":34,"69":34,"70":4,"71":2,"72":2,"73":34,"74":28,"75":2,"76":2,"77":3,"78":3,"79":6,"80":2,"81":2,"82":2,"83":2,"84":2,"85":80,"86":80,"87":80,"88":56,"89":24,"90":28,"91":28,"92":80,"93":1,"94":1,"95":78,"96":78,"97":78,"98":78,"99":1,"100":312,"101":2,"102":4},"f":{"0":10,"1":27,"2":34,"3":7,"4":34,"5":27,"6":1,"7":6,"8":3,"9":16,"10":16,"11":62,"12":2,"13":1,"14":2,"15":1,"16":1,"17":1,"18":1,"19":2,"20":34,"21":4,"22":2,"23":3,"24":2,"25":2,"26":80,"27":28,"28":1,"29":78,"30":1,"31":312,"32":2},"b":{"0":[1,9],"1":[3,6],"2":[2,5],"3":[1,26],"4":[14,2],"5":[16,14],"6":[4,58],"7":[2,60],"8":[1,61],"9":[62,62],"10":[2,60],"11":[2,60],"12":[2,60],"13":[1,1],"14":[2,2],"15":[2,2],"16":[28,6],"17":[56,24],"18":[78,78],"19":[66,12]},"_coverageSchema":"43e27e138ebf9cfc5966b082cf9a028302ed4184","hash":"2a9af6dc441dc10a3708169f220894015438bd10"}
,"C:\\Users\\Mtech\\Desktop\\dynamic-table\\src\\components\\withdraws\\WithDrawTableHead.jsx": {"path":"C:\\Users\\Mtech\\Desktop\\dynamic-table\\src\\components\\withdraws\\WithDrawTableHead.jsx","statementMap":{"0":{"start":{"line":10,"column":13},"end":{"line":26,"column":1}},"1":{"start":{"line":29,"column":34},"end":{"line":32,"column":3}},"2":{"start":{"line":30,"column":30},"end":{"line":30,"column":40}},"3":{"start":{"line":31,"column":4},"end":{"line":31,"column":35}},"4":{"start":{"line":37,"column":8},"end":{"line":37,"column":18}},"5":{"start":{"line":39,"column":4},"end":{"line":70,"column":6}},"6":{"start":{"line":45,"column":14},"end":{"line":64,"column":26}},"7":{"start":{"line":74,"column":0},"end":{"line":78,"column":2}}},"fnMap":{"0":{"name":"(anonymous_0)","decl":{"start":{"line":29,"column":22},"end":{"line":29,"column":23}},"loc":{"start":{"line":29,"column":34},"end":{"line":32,"column":3}},"line":29},"1":{"name":"(anonymous_1)","decl":{"start":{"line":29,"column":34},"end":{"line":29,"column":35}},"loc":{"start":{"line":29,"column":45},"end":{"line":32,"column":3}},"line":29},"2":{"name":"(anonymous_2)","decl":{"start":{"line":34,"column":2},"end":{"line":34,"column":3}},"loc":{"start":{"line":34,"column":11},"end":{"line":71,"column":3}},"line":34},"3":{"name":"(anonymous_3)","decl":{"start":{"line":44,"column":12},"end":{"line":44,"column":13}},"loc":{"start":{"line":45,"column":14},"end":{"line":64,"column":26}},"line":45}},"branchMap":{"0":{"loc":{"start":{"line":47,"column":23},"end":{"line":47,"column":53}},"type":"cond-expr","locations":[{"start":{"line":47,"column":37},"end":{"line":47,"column":44}},{"start":{"line":47,"column":47},"end":{"line":47,"column":53}}],"line":47},"1":{"loc":{"start":{"line":48,"column":25},"end":{"line":48,"column":64}},"type":"cond-expr","locations":[{"start":{"line":48,"column":46},"end":{"line":48,"column":52}},{"start":{"line":48,"column":55},"end":{"line":48,"column":64}}],"line":48},"2":{"loc":{"start":{"line":49,"column":31},"end":{"line":49,"column":65}},"type":"cond-expr","locations":[{"start":{"line":49,"column":52},"end":{"line":49,"column":57}},{"start":{"line":49,"column":60},"end":{"line":49,"column":65}}],"line":49},"3":{"loc":{"start":{"line":53,"column":29},"end":{"line":53,"column":72}},"type":"cond-expr","locations":[{"start":{"line":53,"column":43},"end":{"line":53,"column":55}},{"start":{"line":53,"column":58},"end":{"line":53,"column":72}}],"line":53}},"s":{"0":5,"1":25,"2":1,"3":1,"4":5,"5":5,"6":25,"7":5},"f":{"0":25,"1":1,"2":5,"3":25},"b":{"0":[20,5],"1":[5,20],"2":[1,24],"3":[20,5]},"_coverageSchema":"43e27e138ebf9cfc5966b082cf9a028302ed4184","hash":"4720e22d418b39b3f8225eb26bb2551a07ecaaaf"}
,"C:\\Users\\Mtech\\Desktop\\dynamic-table\\src\\components\\withdraws\\WithDrawTableToolbar.jsx": {"path":"C:\\Users\\Mtech\\Desktop\\dynamic-table\\src\\components\\withdraws\\WithDrawTableToolbar.jsx","statementMap":{"0":{"start":{"line":21,"column":22},"end":{"line":149,"column":2}},"1":{"start":{"line":21,"column":32},"end":{"line":149,"column":1}},"2":{"start":{"line":151,"column":20},"end":{"line":151,"column":22}},"3":{"start":{"line":152,"column":25},"end":{"line":152,"column":26}},"4":{"start":{"line":153,"column":18},"end":{"line":160,"column":1}},"5":{"start":{"line":162,"column":27},"end":{"line":251,"column":1}},"6":{"start":{"line":175,"column":6},"end":{"line":175,"column":11}},"7":{"start":{"line":177,"column":2},"end":{"line":250,"column":4}},"8":{"start":{"line":227,"column":27},"end":{"line":227,"column":48}},"9":{"start":{"line":229,"column":37},"end":{"line":229,"column":56}},"10":{"start":{"line":234,"column":14},"end":{"line":237,"column":25}},"11":{"start":{"line":253,"column":0},"end":{"line":265,"column":2}}},"fnMap":{"0":{"name":"(anonymous_0)","decl":{"start":{"line":21,"column":22},"end":{"line":21,"column":23}},"loc":{"start":{"line":21,"column":32},"end":{"line":149,"column":1}},"line":21},"1":{"name":"(anonymous_1)","decl":{"start":{"line":162,"column":27},"end":{"line":162,"column":28}},"loc":{"start":{"line":162,"column":38},"end":{"line":251,"column":1}},"line":162},"2":{"name":"(anonymous_2)","decl":{"start":{"line":227,"column":22},"end":{"line":227,"column":23}},"loc":{"start":{"line":227,"column":27},"end":{"line":227,"column":48}},"line":227},"3":{"name":"(anonymous_3)","decl":{"start":{"line":229,"column":25},"end":{"line":229,"column":26}},"loc":{"start":{"line":229,"column":37},"end":{"line":229,"column":56}},"line":229},"4":{"name":"(anonymous_4)","decl":{"start":{"line":233,"column":41},"end":{"line":233,"column":42}},"loc":{"start":{"line":234,"column":14},"end":{"line":237,"column":25}},"line":234}},"branchMap":{"0":{"loc":{"start":{"line":27,"column":4},"end":{"line":35,"column":7}},"type":"cond-expr","locations":[{"start":{"line":28,"column":8},"end":{"line":31,"column":7}},{"start":{"line":32,"column":8},"end":{"line":35,"column":7}}],"line":27}},"s":{"0":5,"1":3,"2":5,"3":5,"4":5,"5":5,"6":7,"7":7,"8":1,"9":1,"10":14,"11":5},"f":{"0":3,"1":7,"2":1,"3":1,"4":14},"b":{"0":[3,0]},"_coverageSchema":"43e27e138ebf9cfc5966b082cf9a028302ed4184","hash":"56c58b031d2fcb692fba46a0175edc925a3d2a0d"}
,"C:\\Users\\Mtech\\Desktop\\dynamic-table\\src\\container\\Container.jsx": {"path":"C:\\Users\\Mtech\\Desktop\\dynamic-table\\src\\container\\Container.jsx","statementMap":{"0":{"start":{"line":14,"column":15},"end":{"line":37,"column":2}},"1":{"start":{"line":14,"column":25},"end":{"line":37,"column":1}},"2":{"start":{"line":45,"column":6},"end":{"line":45,"column":11}},"3":{"start":{"line":46,"column":2},"end":{"line":80,"column":4}},"4":{"start":{"line":55,"column":62},"end":{"line":55,"column":85}},"5":{"start":{"line":58,"column":62},"end":{"line":58,"column":88}},"6":{"start":{"line":83,"column":0},"end":{"line":88,"column":2}}},"fnMap":{"0":{"name":"(anonymous_0)","decl":{"start":{"line":14,"column":15},"end":{"line":14,"column":16}},"loc":{"start":{"line":14,"column":25},"end":{"line":37,"column":1}},"line":14},"1":{"name":"Container","decl":{"start":{"line":39,"column":9},"end":{"line":39,"column":18}},"loc":{"start":{"line":39,"column":26},"end":{"line":81,"column":1}},"line":39},"2":{"name":"(anonymous_2)","decl":{"start":{"line":55,"column":56},"end":{"line":55,"column":57}},"loc":{"start":{"line":55,"column":62},"end":{"line":55,"column":85}},"line":55},"3":{"name":"(anonymous_3)","decl":{"start":{"line":58,"column":56},"end":{"line":58,"column":57}},"loc":{"start":{"line":58,"column":62},"end":{"line":58,"column":88}},"line":58}},"branchMap":{},"s":{"0":3,"1":2,"2":5,"3":5,"4":1,"5":1,"6":3},"f":{"0":2,"1":5,"2":1,"3":1},"b":{},"_coverageSchema":"43e27e138ebf9cfc5966b082cf9a028302ed4184","hash":"b09252b7c999fa987ea67dfd91463ce15c4b54f4"}
}
