{"C:\\Users\\Mtech\\Desktop\\dynamic-table\\src\\App.jsx": {"path":"C:\\Users\\Mtech\\Desktop\\dynamic-table\\src\\App.jsx","statementMap":{"0":{"start":{"line":6,"column":12},"end":{"line":12,"column":1}},"1":{"start":{"line":7,"column":2},"end":{"line":11,"column":11}}},"fnMap":{"0":{"name":"(anonymous_0)","decl":{"start":{"line":6,"column":12},"end":{"line":6,"column":13}},"loc":{"start":{"line":7,"column":2},"end":{"line":11,"column":11}},"line":7}},"branchMap":{},"s":{"0":2,"1":3},"f":{"0":3},"b":{},"_coverageSchema":"43e27e138ebf9cfc5966b082cf9a028302ed4184","hash":"98dc2dedd2d1a7707a0c463fa924ea98df675133"}
,"C:\\Users\\Mtech\\Desktop\\dynamic-table\\src\\components\\api\\server.jsx": {"path":"C:\\Users\\Mtech\\Desktop\\dynamic-table\\src\\components\\api\\server.jsx","statementMap":{"0":{"start":{"line":1,"column":18},"end":{"line":1,"column":56}}},"fnMap":{},"branchMap":{},"s":{"0":4},"f":{},"b":{},"_coverageSchema":"43e27e138ebf9cfc5966b082cf9a028302ed4184","hash":"2f1648a19292450a1990ded89c7e472e25fba2ec"}
,"C:\\Users\\Mtech\\Desktop\\dynamic-table\\src\\components\\tableComponents\\CustomTableHead.jsx": {"path":"C:\\Users\\Mtech\\Desktop\\dynamic-table\\src\\components\\tableComponents\\CustomTableHead.jsx","statementMap":{"0":{"start":{"line":10,"column":34},"end":{"line":13,"column":3}},"1":{"start":{"line":11,"column":30},"end":{"line":11,"column":40}},"2":{"start":{"line":12,"column":4},"end":{"line":12,"column":35}},"3":{"start":{"line":18,"column":8},"end":{"line":18,"column":18}},"4":{"start":{"line":20,"column":4},"end":{"line":51,"column":6}},"5":{"start":{"line":26,"column":14},"end":{"line":45,"column":26}},"6":{"start":{"line":55,"column":0},"end":{"line":60,"column":2}}},"fnMap":{"0":{"name":"(anonymous_0)","decl":{"start":{"line":10,"column":22},"end":{"line":10,"column":23}},"loc":{"start":{"line":10,"column":34},"end":{"line":13,"column":3}},"line":10},"1":{"name":"(anonymous_1)","decl":{"start":{"line":10,"column":34},"end":{"line":10,"column":35}},"loc":{"start":{"line":10,"column":45},"end":{"line":13,"column":3}},"line":10},"2":{"name":"(anonymous_2)","decl":{"start":{"line":15,"column":2},"end":{"line":15,"column":3}},"loc":{"start":{"line":15,"column":11},"end":{"line":52,"column":3}},"line":15},"3":{"name":"(anonymous_3)","decl":{"start":{"line":25,"column":12},"end":{"line":25,"column":13}},"loc":{"start":{"line":26,"column":14},"end":{"line":45,"column":26}},"line":26}},"branchMap":{"0":{"loc":{"start":{"line":28,"column":23},"end":{"line":28,"column":53}},"type":"cond-expr","locations":[{"start":{"line":28,"column":37},"end":{"line":28,"column":44}},{"start":{"line":28,"column":47},"end":{"line":28,"column":53}}],"line":28},"1":{"loc":{"start":{"line":29,"column":25},"end":{"line":29,"column":64}},"type":"cond-expr","locations":[{"start":{"line":29,"column":46},"end":{"line":29,"column":52}},{"start":{"line":29,"column":55},"end":{"line":29,"column":64}}],"line":29},"2":{"loc":{"start":{"line":30,"column":31},"end":{"line":30,"column":65}},"type":"cond-expr","locations":[{"start":{"line":30,"column":52},"end":{"line":30,"column":57}},{"start":{"line":30,"column":60},"end":{"line":30,"column":65}}],"line":30},"3":{"loc":{"start":{"line":34,"column":29},"end":{"line":34,"column":72}},"type":"cond-expr","locations":[{"start":{"line":34,"column":43},"end":{"line":34,"column":55}},{"start":{"line":34,"column":58},"end":{"line":34,"column":72}}],"line":34}},"s":{"0":64,"1":1,"2":1,"3":11,"4":11,"5":64,"6":5},"f":{"0":64,"1":1,"2":11,"3":64},"b":{"0":[53,11],"1":[11,53],"2":[9,55],"3":[53,11]},"_coverageSchema":"43e27e138ebf9cfc5966b082cf9a028302ed4184","hash":"83cbc672f5367a49717c9a66ec96a56efbc975a8"}
,"C:\\Users\\Mtech\\Desktop\\dynamic-table\\src\\components\\tableComponents\\CustomTableToolbar.jsx": {"path":"C:\\Users\\Mtech\\Desktop\\dynamic-table\\src\\components\\tableComponents\\CustomTableToolbar.jsx","statementMap":{"0":{"start":{"line":14,"column":22},"end":{"line":58,"column":2}},"1":{"start":{"line":14,"column":32},"end":{"line":58,"column":1}},"2":{"start":{"line":60,"column":24},"end":{"line":126,"column":1}},"3":{"start":{"line":75,"column":6},"end":{"line":75,"column":11}},"4":{"start":{"line":77,"column":2},"end":{"line":125,"column":4}},"5":{"start":{"line":128,"column":0},"end":{"line":142,"column":2}}},"fnMap":{"0":{"name":"(anonymous_0)","decl":{"start":{"line":14,"column":22},"end":{"line":14,"column":23}},"loc":{"start":{"line":14,"column":32},"end":{"line":58,"column":1}},"line":14},"1":{"name":"(anonymous_1)","decl":{"start":{"line":60,"column":24},"end":{"line":60,"column":25}},"loc":{"start":{"line":60,"column":35},"end":{"line":126,"column":1}},"line":60}},"branchMap":{},"s":{"0":4,"1":2,"2":4,"3":10,"4":10,"5":4},"f":{"0":2,"1":10},"b":{},"_coverageSchema":"43e27e138ebf9cfc5966b082cf9a028302ed4184","hash":"d30e193000ce852dfd0859d6287147c3fd298537"}
,"C:\\Users\\Mtech\\Desktop\\dynamic-table\\src\\components\\tableComponents\\toolBarComponents\\Filter.jsx": {"path":"C:\\Users\\Mtech\\Desktop\\dynamic-table\\src\\components\\tableComponents\\toolBarComponents\\Filter.jsx","statementMap":{"0":{"start":{"line":12,"column":20},"end":{"line":12,"column":22}},"1":{"start":{"line":13,"column":25},"end":{"line":13,"column":26}},"2":{"start":{"line":14,"column":18},"end":{"line":21,"column":1}},"3":{"start":{"line":23,"column":21},"end":{"line":43,"column":2}},"4":{"start":{"line":23,"column":31},"end":{"line":43,"column":1}},"5":{"start":{"line":45,"column":13},"end":{"line":76,"column":1}},"6":{"start":{"line":51,"column":6},"end":{"line":51,"column":11}},"7":{"start":{"line":53,"column":2},"end":{"line":75,"column":4}},"8":{"start":{"line":60,"column":25},"end":{"line":60,"column":46}},"9":{"start":{"line":62,"column":35},"end":{"line":62,"column":54}},"10":{"start":{"line":67,"column":12},"end":{"line":70,"column":23}},"11":{"start":{"line":78,"column":0},"end":{"line":84,"column":2}}},"fnMap":{"0":{"name":"(anonymous_0)","decl":{"start":{"line":23,"column":21},"end":{"line":23,"column":22}},"loc":{"start":{"line":23,"column":31},"end":{"line":43,"column":1}},"line":23},"1":{"name":"(anonymous_1)","decl":{"start":{"line":45,"column":13},"end":{"line":45,"column":14}},"loc":{"start":{"line":45,"column":24},"end":{"line":76,"column":1}},"line":45},"2":{"name":"(anonymous_2)","decl":{"start":{"line":60,"column":20},"end":{"line":60,"column":21}},"loc":{"start":{"line":60,"column":25},"end":{"line":60,"column":46}},"line":60},"3":{"name":"(anonymous_3)","decl":{"start":{"line":62,"column":23},"end":{"line":62,"column":24}},"loc":{"start":{"line":62,"column":35},"end":{"line":62,"column":54}},"line":62},"4":{"name":"(anonymous_4)","decl":{"start":{"line":66,"column":39},"end":{"line":66,"column":40}},"loc":{"start":{"line":67,"column":12},"end":{"line":70,"column":23}},"line":67}},"branchMap":{},"s":{"0":5,"1":5,"2":5,"3":5,"4":3,"5":5,"6":13,"7":13,"8":1,"9":1,"10":59,"11":5},"f":{"0":3,"1":13,"2":1,"3":1,"4":59},"b":{},"_coverageSchema":"43e27e138ebf9cfc5966b082cf9a028302ed4184","hash":"7224bd9ca1da1151c3ded6dde6e44ac6827d5765"}
,"C:\\Users\\Mtech\\Desktop\\dynamic-table\\src\\components\\tableComponents\\toolBarComponents\\SerachBar.jsx": {"path":"C:\\Users\\Mtech\\Desktop\\dynamic-table\\src\\components\\tableComponents\\toolBarComponents\\SerachBar.jsx","statementMap":{"0":{"start":{"line":8,"column":24},"end":{"line":48,"column":2}},"1":{"start":{"line":8,"column":34},"end":{"line":48,"column":1}},"2":{"start":{"line":50,"column":18},"end":{"line":74,"column":1}},"3":{"start":{"line":56,"column":6},"end":{"line":56,"column":11}},"4":{"start":{"line":57,"column":2},"end":{"line":73,"column":4}},"5":{"start":{"line":77,"column":0},"end":{"line":82,"column":2}}},"fnMap":{"0":{"name":"(anonymous_0)","decl":{"start":{"line":8,"column":24},"end":{"line":8,"column":25}},"loc":{"start":{"line":8,"column":34},"end":{"line":48,"column":1}},"line":8},"1":{"name":"(anonymous_1)","decl":{"start":{"line":50,"column":18},"end":{"line":50,"column":19}},"loc":{"start":{"line":50,"column":29},"end":{"line":74,"column":1}},"line":50}},"branchMap":{},"s":{"0":4,"1":2,"2":4,"3":10,"4":10,"5":4},"f":{"0":2,"1":10},"b":{},"_coverageSchema":"43e27e138ebf9cfc5966b082cf9a028302ed4184","hash":"799930436417cd1847b3e116dc7cc75861885d9a"}
,"C:\\Users\\Mtech\\Desktop\\dynamic-table\\src\\components\\trades\\TradeTable.jsx": {"path":"C:\\Users\\Mtech\\Desktop\\dynamic-table\\src\\components\\trades\\TradeTable.jsx","statementMap":{"0":{"start":{"line":22,"column":2},"end":{"line":24,"column":3}},"1":{"start":{"line":23,"column":4},"end":{"line":23,"column":14}},"2":{"start":{"line":25,"column":2},"end":{"line":27,"column":3}},"3":{"start":{"line":26,"column":4},"end":{"line":26,"column":13}},"4":{"start":{"line":28,"column":2},"end":{"line":28,"column":11}},"5":{"start":{"line":32,"column":25},"end":{"line":32,"column":62}},"6":{"start":{"line":32,"column":50},"end":{"line":32,"column":61}},"7":{"start":{"line":34,"column":2},"end":{"line":38,"column":5}},"8":{"start":{"line":35,"column":18},"end":{"line":35,"column":33}},"9":{"start":{"line":36,"column":4},"end":{"line":36,"column":34}},"10":{"start":{"line":36,"column":21},"end":{"line":36,"column":34}},"11":{"start":{"line":37,"column":4},"end":{"line":37,"column":23}},"12":{"start":{"line":39,"column":2},"end":{"line":39,"column":41}},"13":{"start":{"line":39,"column":34},"end":{"line":39,"column":39}},"14":{"start":{"line":43,"column":2},"end":{"line":43,"column":91}},"15":{"start":{"line":43,"column":38},"end":{"line":43,"column":57}},"16":{"start":{"line":43,"column":70},"end":{"line":43,"column":90}},"17":{"start":{"line":46,"column":18},"end":{"line":65,"column":1}},"18":{"start":{"line":67,"column":15},"end":{"line":108,"column":2}},"19":{"start":{"line":67,"column":25},"end":{"line":108,"column":1}},"20":{"start":{"line":109,"column":20},"end":{"line":109,"column":35}},"21":{"start":{"line":113,"column":4},"end":{"line":113,"column":17}},"22":{"start":{"line":114,"column":4},"end":{"line":137,"column":6}},"23":{"start":{"line":139,"column":23},"end":{"line":139,"column":57}},"24":{"start":{"line":140,"column":4},"end":{"line":144,"column":5}},"25":{"start":{"line":141,"column":6},"end":{"line":141,"column":42}},"26":{"start":{"line":143,"column":6},"end":{"line":143,"column":69}},"27":{"start":{"line":145,"column":4},"end":{"line":145,"column":59}},"28":{"start":{"line":146,"column":4},"end":{"line":146,"column":65}},"29":{"start":{"line":147,"column":4},"end":{"line":147,"column":63}},"30":{"start":{"line":148,"column":4},"end":{"line":148,"column":75}},"31":{"start":{"line":149,"column":4},"end":{"line":149,"column":69}},"32":{"start":{"line":150,"column":4},"end":{"line":150,"column":65}},"33":{"start":{"line":151,"column":4},"end":{"line":151,"column":65}},"34":{"start":{"line":152,"column":4},"end":{"line":152,"column":63}},"35":{"start":{"line":153,"column":4},"end":{"line":153,"column":51}},"36":{"start":{"line":154,"column":4},"end":{"line":154,"column":63}},"37":{"start":{"line":155,"column":4},"end":{"line":155,"column":53}},"38":{"start":{"line":159,"column":4},"end":{"line":159,"column":29}},"39":{"start":{"line":171,"column":8},"end":{"line":171,"column":18}},"40":{"start":{"line":173,"column":4},"end":{"line":191,"column":5}},"41":{"start":{"line":174,"column":6},"end":{"line":176,"column":7}},"42":{"start":{"line":175,"column":8},"end":{"line":175,"column":33}},"43":{"start":{"line":177,"column":6},"end":{"line":179,"column":7}},"44":{"start":{"line":178,"column":8},"end":{"line":178,"column":33}},"45":{"start":{"line":180,"column":6},"end":{"line":184,"column":7}},"46":{"start":{"line":183,"column":8},"end":{"line":183,"column":33}},"47":{"start":{"line":185,"column":6},"end":{"line":187,"column":7}},"48":{"start":{"line":186,"column":8},"end":{"line":186,"column":33}},"49":{"start":{"line":188,"column":6},"end":{"line":190,"column":7}},"50":{"start":{"line":189,"column":8},"end":{"line":189,"column":33}},"51":{"start":{"line":195,"column":29},"end":{"line":195,"column":39}},"52":{"start":{"line":196,"column":20},"end":{"line":196,"column":22}},"53":{"start":{"line":197,"column":4},"end":{"line":205,"column":5}},"54":{"start":{"line":198,"column":6},"end":{"line":204,"column":9}},"55":{"start":{"line":199,"column":8},"end":{"line":203,"column":9}},"56":{"start":{"line":200,"column":10},"end":{"line":200,"column":33}},"57":{"start":{"line":202,"column":10},"end":{"line":202,"column":35}},"58":{"start":{"line":206,"column":4},"end":{"line":206,"column":21}},"59":{"start":{"line":210,"column":4},"end":{"line":213,"column":7}},"60":{"start":{"line":217,"column":4},"end":{"line":217,"column":56}},"61":{"start":{"line":221,"column":23},"end":{"line":221,"column":31}},"62":{"start":{"line":222,"column":19},"end":{"line":222,"column":25}},"63":{"start":{"line":224,"column":31},"end":{"line":224,"column":41}},"64":{"start":{"line":225,"column":4},"end":{"line":227,"column":5}},"65":{"start":{"line":226,"column":6},"end":{"line":226,"column":23}},"66":{"start":{"line":229,"column":4},"end":{"line":229,"column":60}},"67":{"start":{"line":233,"column":4},"end":{"line":235,"column":7}},"68":{"start":{"line":239,"column":31},"end":{"line":239,"column":41}},"69":{"start":{"line":241,"column":4},"end":{"line":244,"column":7}},"70":{"start":{"line":248,"column":33},"end":{"line":248,"column":43}},"71":{"start":{"line":250,"column":4},"end":{"line":253,"column":7}},"72":{"start":{"line":257,"column":27},"end":{"line":257,"column":37}},"73":{"start":{"line":258,"column":28},"end":{"line":267,"column":6}},"74":{"start":{"line":259,"column":16},"end":{"line":259,"column":18}},"75":{"start":{"line":260,"column":6},"end":{"line":262,"column":7}},"76":{"start":{"line":261,"column":8},"end":{"line":261,"column":37}},"77":{"start":{"line":263,"column":6},"end":{"line":265,"column":7}},"78":{"start":{"line":264,"column":8},"end":{"line":264,"column":57}},"79":{"start":{"line":266,"column":6},"end":{"line":266,"column":17}},"80":{"start":{"line":268,"column":4},"end":{"line":271,"column":7}},"81":{"start":{"line":275,"column":31},"end":{"line":275,"column":41}},"82":{"start":{"line":277,"column":16},"end":{"line":277,"column":18}},"83":{"start":{"line":279,"column":4},"end":{"line":312,"column":5}},"84":{"start":{"line":280,"column":6},"end":{"line":286,"column":8}},"85":{"start":{"line":288,"column":6},"end":{"line":311,"column":10}},"86":{"start":{"line":291,"column":12},"end":{"line":291,"column":62}},"87":{"start":{"line":292,"column":12},"end":{"line":309,"column":14}},"88":{"start":{"line":313,"column":4},"end":{"line":313,"column":17}},"89":{"start":{"line":322,"column":8},"end":{"line":322,"column":18}},"90":{"start":{"line":324,"column":4},"end":{"line":324,"column":39}},"91":{"start":{"line":325,"column":22},"end":{"line":325,"column":41}},"92":{"start":{"line":327,"column":4},"end":{"line":369,"column":5}},"93":{"start":{"line":328,"column":6},"end":{"line":343,"column":11}},"94":{"start":{"line":330,"column":10},"end":{"line":335,"column":13}},"95":{"start":{"line":336,"column":10},"end":{"line":336,"column":73}},"96":{"start":{"line":338,"column":10},"end":{"line":341,"column":13}},"97":{"start":{"line":342,"column":10},"end":{"line":342,"column":36}},"98":{"start":{"line":345,"column":6},"end":{"line":368,"column":9}},"99":{"start":{"line":350,"column":29},"end":{"line":352,"column":40}},"100":{"start":{"line":353,"column":8},"end":{"line":360,"column":11}},"101":{"start":{"line":361,"column":8},"end":{"line":361,"column":71}},"102":{"start":{"line":363,"column":8},"end":{"line":366,"column":11}},"103":{"start":{"line":367,"column":8},"end":{"line":367,"column":34}},"104":{"start":{"line":373,"column":4},"end":{"line":384,"column":39}},"105":{"start":{"line":384,"column":13},"end":{"line":384,"column":37}},"106":{"start":{"line":388,"column":24},"end":{"line":388,"column":34}},"107":{"start":{"line":403,"column":8},"end":{"line":403,"column":18}},"108":{"start":{"line":404,"column":22},"end":{"line":404,"column":40}},"109":{"start":{"line":406,"column":4},"end":{"line":478,"column":6}},"110":{"start":{"line":454,"column":31},"end":{"line":454,"column":62}},"111":{"start":{"line":458,"column":20},"end":{"line":460,"column":31}},"112":{"start":{"line":470,"column":50},"end":{"line":470,"column":100}},"113":{"start":{"line":482,"column":0},"end":{"line":484,"column":2}}},"fnMap":{"0":{"name":"desc","decl":{"start":{"line":21,"column":16},"end":{"line":21,"column":20}},"loc":{"start":{"line":21,"column":36},"end":{"line":29,"column":1}},"line":21},"1":{"name":"stableSort","decl":{"start":{"line":31,"column":16},"end":{"line":31,"column":26}},"loc":{"start":{"line":31,"column":39},"end":{"line":40,"column":1}},"line":31},"2":{"name":"(anonymous_2)","decl":{"start":{"line":32,"column":35},"end":{"line":32,"column":36}},"loc":{"start":{"line":32,"column":50},"end":{"line":32,"column":61}},"line":32},"3":{"name":"(anonymous_3)","decl":{"start":{"line":34,"column":22},"end":{"line":34,"column":23}},"loc":{"start":{"line":34,"column":32},"end":{"line":38,"column":3}},"line":34},"4":{"name":"(anonymous_4)","decl":{"start":{"line":39,"column":28},"end":{"line":39,"column":29}},"loc":{"start":{"line":39,"column":34},"end":{"line":39,"column":39}},"line":39},"5":{"name":"getSorting","decl":{"start":{"line":42,"column":16},"end":{"line":42,"column":26}},"loc":{"start":{"line":42,"column":43},"end":{"line":44,"column":1}},"line":42},"6":{"name":"(anonymous_6)","decl":{"start":{"line":43,"column":28},"end":{"line":43,"column":29}},"loc":{"start":{"line":43,"column":38},"end":{"line":43,"column":57}},"line":43},"7":{"name":"(anonymous_7)","decl":{"start":{"line":43,"column":60},"end":{"line":43,"column":61}},"loc":{"start":{"line":43,"column":70},"end":{"line":43,"column":90}},"line":43},"8":{"name":"(anonymous_8)","decl":{"start":{"line":67,"column":15},"end":{"line":67,"column":16}},"loc":{"start":{"line":67,"column":25},"end":{"line":108,"column":1}},"line":67},"9":{"name":"(anonymous_9)","decl":{"start":{"line":112,"column":2},"end":{"line":112,"column":3}},"loc":{"start":{"line":112,"column":21},"end":{"line":156,"column":3}},"line":112},"10":{"name":"(anonymous_10)","decl":{"start":{"line":158,"column":2},"end":{"line":158,"column":3}},"loc":{"start":{"line":158,"column":22},"end":{"line":160,"column":3}},"line":158},"11":{"name":"(anonymous_11)","decl":{"start":{"line":162,"column":2},"end":{"line":162,"column":3}},"loc":{"start":{"line":162,"column":43},"end":{"line":192,"column":3}},"line":162},"12":{"name":"(anonymous_12)","decl":{"start":{"line":194,"column":2},"end":{"line":194,"column":3}},"loc":{"start":{"line":194,"column":17},"end":{"line":207,"column":3}},"line":194},"13":{"name":"(anonymous_13)","decl":{"start":{"line":198,"column":27},"end":{"line":198,"column":28}},"loc":{"start":{"line":198,"column":40},"end":{"line":204,"column":7}},"line":198},"14":{"name":"(anonymous_14)","decl":{"start":{"line":209,"column":2},"end":{"line":209,"column":3}},"loc":{"start":{"line":209,"column":48},"end":{"line":214,"column":3}},"line":209},"15":{"name":"(anonymous_15)","decl":{"start":{"line":216,"column":2},"end":{"line":216,"column":3}},"loc":{"start":{"line":216,"column":28},"end":{"line":218,"column":3}},"line":216},"16":{"name":"(anonymous_16)","decl":{"start":{"line":220,"column":2},"end":{"line":220,"column":3}},"loc":{"start":{"line":220,"column":37},"end":{"line":230,"column":3}},"line":220},"17":{"name":"(anonymous_17)","decl":{"start":{"line":232,"column":2},"end":{"line":232,"column":3}},"loc":{"start":{"line":232,"column":33},"end":{"line":236,"column":3}},"line":232},"18":{"name":"(anonymous_18)","decl":{"start":{"line":238,"column":2},"end":{"line":238,"column":3}},"loc":{"start":{"line":238,"column":29},"end":{"line":245,"column":3}},"line":238},"19":{"name":"(anonymous_19)","decl":{"start":{"line":247,"column":2},"end":{"line":247,"column":3}},"loc":{"start":{"line":247,"column":27},"end":{"line":254,"column":3}},"line":247},"20":{"name":"(anonymous_20)","decl":{"start":{"line":256,"column":2},"end":{"line":256,"column":3}},"loc":{"start":{"line":256,"column":28},"end":{"line":272,"column":3}},"line":256},"21":{"name":"(anonymous_21)","decl":{"start":{"line":258,"column":51},"end":{"line":258,"column":52}},"loc":{"start":{"line":258,"column":61},"end":{"line":267,"column":5}},"line":258},"22":{"name":"(anonymous_22)","decl":{"start":{"line":274,"column":2},"end":{"line":274,"column":3}},"loc":{"start":{"line":274,"column":26},"end":{"line":314,"column":3}},"line":274},"23":{"name":"(anonymous_23)","decl":{"start":{"line":290,"column":10},"end":{"line":290,"column":11}},"loc":{"start":{"line":290,"column":17},"end":{"line":310,"column":11}},"line":290},"24":{"name":"(anonymous_24)","decl":{"start":{"line":316,"column":2},"end":{"line":316,"column":3}},"loc":{"start":{"line":316,"column":22},"end":{"line":370,"column":3}},"line":316},"25":{"name":"(anonymous_25)","decl":{"start":{"line":329,"column":14},"end":{"line":329,"column":15}},"loc":{"start":{"line":329,"column":29},"end":{"line":337,"column":9}},"line":329},"26":{"name":"(anonymous_26)","decl":{"start":{"line":337,"column":17},"end":{"line":337,"column":18}},"loc":{"start":{"line":337,"column":26},"end":{"line":343,"column":9}},"line":337},"27":{"name":"(anonymous_27)","decl":{"start":{"line":349,"column":27},"end":{"line":349,"column":28}},"loc":{"start":{"line":349,"column":61},"end":{"line":362,"column":7}},"line":349},"28":{"name":"(anonymous_28)","decl":{"start":{"line":362,"column":16},"end":{"line":362,"column":17}},"loc":{"start":{"line":362,"column":25},"end":{"line":368,"column":7}},"line":362},"29":{"name":"(anonymous_29)","decl":{"start":{"line":372,"column":2},"end":{"line":372,"column":3}},"loc":{"start":{"line":372,"column":16},"end":{"line":385,"column":3}},"line":372},"30":{"name":"(anonymous_30)","decl":{"start":{"line":384,"column":7},"end":{"line":384,"column":8}},"loc":{"start":{"line":384,"column":13},"end":{"line":384,"column":37}},"line":384},"31":{"name":"(anonymous_31)","decl":{"start":{"line":387,"column":2},"end":{"line":387,"column":3}},"loc":{"start":{"line":387,"column":11},"end":{"line":479,"column":3}},"line":387},"32":{"name":"(anonymous_32)","decl":{"start":{"line":454,"column":26},"end":{"line":454,"column":27}},"loc":{"start":{"line":454,"column":31},"end":{"line":454,"column":62}},"line":454},"33":{"name":"(anonymous_33)","decl":{"start":{"line":457,"column":34},"end":{"line":457,"column":35}},"loc":{"start":{"line":458,"column":20},"end":{"line":460,"column":31}},"line":458},"34":{"name":"(anonymous_34)","decl":{"start":{"line":470,"column":16},"end":{"line":470,"column":17}},"loc":{"start":{"line":470,"column":50},"end":{"line":470,"column":100}},"line":470}},"branchMap":{"0":{"loc":{"start":{"line":22,"column":2},"end":{"line":24,"column":3}},"type":"if","locations":[{"start":{"line":22,"column":2},"end":{"line":24,"column":3}},{"start":{"line":22,"column":2},"end":{"line":24,"column":3}}],"line":22},"1":{"loc":{"start":{"line":25,"column":2},"end":{"line":27,"column":3}},"type":"if","locations":[{"start":{"line":25,"column":2},"end":{"line":27,"column":3}},{"start":{"line":25,"column":2},"end":{"line":27,"column":3}}],"line":25},"2":{"loc":{"start":{"line":36,"column":4},"end":{"line":36,"column":34}},"type":"if","locations":[{"start":{"line":36,"column":4},"end":{"line":36,"column":34}},{"start":{"line":36,"column":4},"end":{"line":36,"column":34}}],"line":36},"3":{"loc":{"start":{"line":43,"column":9},"end":{"line":43,"column":90}},"type":"cond-expr","locations":[{"start":{"line":43,"column":28},"end":{"line":43,"column":57}},{"start":{"line":43,"column":60},"end":{"line":43,"column":90}}],"line":43},"4":{"loc":{"start":{"line":140,"column":4},"end":{"line":144,"column":5}},"type":"if","locations":[{"start":{"line":140,"column":4},"end":{"line":144,"column":5}},{"start":{"line":140,"column":4},"end":{"line":144,"column":5}}],"line":140},"5":{"loc":{"start":{"line":140,"column":8},"end":{"line":140,"column":55}},"type":"binary-expr","locations":[{"start":{"line":140,"column":8},"end":{"line":140,"column":27}},{"start":{"line":140,"column":31},"end":{"line":140,"column":55}}],"line":140},"6":{"loc":{"start":{"line":173,"column":4},"end":{"line":191,"column":5}},"type":"if","locations":[{"start":{"line":173,"column":4},"end":{"line":191,"column":5}},{"start":{"line":173,"column":4},"end":{"line":191,"column":5}}],"line":173},"7":{"loc":{"start":{"line":174,"column":6},"end":{"line":176,"column":7}},"type":"if","locations":[{"start":{"line":174,"column":6},"end":{"line":176,"column":7}},{"start":{"line":174,"column":6},"end":{"line":176,"column":7}}],"line":174},"8":{"loc":{"start":{"line":177,"column":6},"end":{"line":179,"column":7}},"type":"if","locations":[{"start":{"line":177,"column":6},"end":{"line":179,"column":7}},{"start":{"line":177,"column":6},"end":{"line":179,"column":7}}],"line":177},"9":{"loc":{"start":{"line":180,"column":6},"end":{"line":184,"column":7}},"type":"if","locations":[{"start":{"line":180,"column":6},"end":{"line":184,"column":7}},{"start":{"line":180,"column":6},"end":{"line":184,"column":7}}],"line":180},"10":{"loc":{"start":{"line":180,"column":10},"end":{"line":181,"column":54}},"type":"binary-expr","locations":[{"start":{"line":180,"column":10},"end":{"line":180,"column":57}},{"start":{"line":181,"column":11},"end":{"line":181,"column":54}}],"line":180},"11":{"loc":{"start":{"line":185,"column":6},"end":{"line":187,"column":7}},"type":"if","locations":[{"start":{"line":185,"column":6},"end":{"line":187,"column":7}},{"start":{"line":185,"column":6},"end":{"line":187,"column":7}}],"line":185},"12":{"loc":{"start":{"line":188,"column":6},"end":{"line":190,"column":7}},"type":"if","locations":[{"start":{"line":188,"column":6},"end":{"line":190,"column":7}},{"start":{"line":188,"column":6},"end":{"line":190,"column":7}}],"line":188},"13":{"loc":{"start":{"line":197,"column":4},"end":{"line":205,"column":5}},"type":"if","locations":[{"start":{"line":197,"column":4},"end":{"line":205,"column":5}},{"start":{"line":197,"column":4},"end":{"line":205,"column":5}}],"line":197},"14":{"loc":{"start":{"line":199,"column":8},"end":{"line":203,"column":9}},"type":"if","locations":[{"start":{"line":199,"column":8},"end":{"line":203,"column":9}},{"start":{"line":199,"column":8},"end":{"line":203,"column":9}}],"line":199},"15":{"loc":{"start":{"line":225,"column":4},"end":{"line":227,"column":5}},"type":"if","locations":[{"start":{"line":225,"column":4},"end":{"line":227,"column":5}},{"start":{"line":225,"column":4},"end":{"line":227,"column":5}}],"line":225},"16":{"loc":{"start":{"line":225,"column":8},"end":{"line":225,"column":48}},"type":"binary-expr","locations":[{"start":{"line":225,"column":8},"end":{"line":225,"column":28}},{"start":{"line":225,"column":32},"end":{"line":225,"column":48}}],"line":225},"17":{"loc":{"start":{"line":260,"column":6},"end":{"line":262,"column":7}},"type":"if","locations":[{"start":{"line":260,"column":6},"end":{"line":262,"column":7}},{"start":{"line":260,"column":6},"end":{"line":262,"column":7}}],"line":260},"18":{"loc":{"start":{"line":263,"column":6},"end":{"line":265,"column":7}},"type":"if","locations":[{"start":{"line":263,"column":6},"end":{"line":265,"column":7}},{"start":{"line":263,"column":6},"end":{"line":265,"column":7}}],"line":263},"19":{"loc":{"start":{"line":279,"column":4},"end":{"line":312,"column":5}},"type":"if","locations":[{"start":{"line":279,"column":4},"end":{"line":312,"column":5}},{"start":{"line":279,"column":4},"end":{"line":312,"column":5}}],"line":279},"20":{"loc":{"start":{"line":327,"column":4},"end":{"line":369,"column":5}},"type":"if","locations":[{"start":{"line":327,"column":4},"end":{"line":369,"column":5}},{"start":{"line":327,"column":4},"end":{"line":369,"column":5}}],"line":327},"21":{"loc":{"start":{"line":437,"column":18},"end":{"line":441,"column":19}},"type":"binary-expr","locations":[{"start":{"line":437,"column":18},"end":{"line":437,"column":31}},{"start":{"line":438,"column":20},"end":{"line":440,"column":31}}],"line":437},"22":{"loc":{"start":{"line":475,"column":12},"end":{"line":475,"column":69}},"type":"cond-expr","locations":[{"start":{"line":475,"column":25},"end":{"line":475,"column":61}},{"start":{"line":475,"column":65},"end":{"line":475,"column":69}}],"line":475}},"s":{"0":10,"1":1,"2":9,"3":3,"4":6,"5":27,"6":34,"7":27,"8":7,"9":7,"10":2,"11":5,"12":27,"13":34,"14":27,"15":1,"16":6,"17":3,"18":3,"19":3,"20":3,"21":18,"22":18,"23":18,"24":18,"25":15,"26":3,"27":18,"28":18,"29":18,"30":18,"31":18,"32":18,"33":18,"34":18,"35":18,"36":18,"37":18,"38":18,"39":60,"40":60,"41":58,"42":4,"43":58,"44":1,"45":58,"46":1,"47":58,"48":2,"49":58,"50":1,"51":32,"52":32,"53":32,"54":1,"55":3,"56":1,"57":2,"58":32,"59":2,"60":1,"61":2,"62":2,"63":2,"64":2,"65":1,"66":2,"67":1,"68":1,"69":1,"70":1,"71":1,"72":1,"73":1,"74":3,"75":3,"76":1,"77":3,"78":1,"79":3,"80":1,"81":80,"82":80,"83":80,"84":56,"85":24,"86":28,"87":28,"88":80,"89":32,"90":32,"91":32,"92":32,"93":26,"94":2,"95":2,"96":3,"97":3,"98":6,"99":2,"100":2,"101":2,"102":2,"103":2,"104":1,"105":1,"106":78,"107":78,"108":78,"109":78,"110":1,"111":312,"112":2,"113":3},"f":{"0":10,"1":27,"2":34,"3":7,"4":34,"5":27,"6":1,"7":6,"8":3,"9":18,"10":18,"11":60,"12":32,"13":3,"14":2,"15":1,"16":2,"17":1,"18":1,"19":1,"20":1,"21":3,"22":80,"23":28,"24":32,"25":2,"26":3,"27":2,"28":2,"29":1,"30":1,"31":78,"32":1,"33":312,"34":2},"b":{"0":[1,9],"1":[3,6],"2":[2,5],"3":[1,26],"4":[15,3],"5":[18,15],"6":[58,2],"7":[4,54],"8":[1,57],"9":[1,57],"10":[58,58],"11":[2,56],"12":[1,57],"13":[1,31],"14":[1,2],"15":[1,1],"16":[2,2],"17":[1,2],"18":[1,2],"19":[56,24],"20":[26,6],"21":[78,78],"22":[66,12]},"_coverageSchema":"43e27e138ebf9cfc5966b082cf9a028302ed4184","hash":"32f86386b98bf527eb5aa8c7d6fd59add1f15932"}
,"C:\\Users\\Mtech\\Desktop\\dynamic-table\\src\\components\\withdraws\\WithDrawTable.jsx": {"path":"C:\\Users\\Mtech\\Desktop\\dynamic-table\\src\\components\\withdraws\\WithDrawTable.jsx","statementMap":{"0":{"start":{"line":22,"column":2},"end":{"line":24,"column":3}},"1":{"start":{"line":23,"column":4},"end":{"line":23,"column":14}},"2":{"start":{"line":25,"column":2},"end":{"line":27,"column":3}},"3":{"start":{"line":26,"column":4},"end":{"line":26,"column":13}},"4":{"start":{"line":28,"column":2},"end":{"line":28,"column":11}},"5":{"start":{"line":32,"column":25},"end":{"line":32,"column":62}},"6":{"start":{"line":32,"column":50},"end":{"line":32,"column":61}},"7":{"start":{"line":33,"column":2},"end":{"line":37,"column":5}},"8":{"start":{"line":34,"column":18},"end":{"line":34,"column":33}},"9":{"start":{"line":35,"column":4},"end":{"line":35,"column":34}},"10":{"start":{"line":35,"column":21},"end":{"line":35,"column":34}},"11":{"start":{"line":36,"column":4},"end":{"line":36,"column":23}},"12":{"start":{"line":38,"column":2},"end":{"line":38,"column":41}},"13":{"start":{"line":38,"column":34},"end":{"line":38,"column":39}},"14":{"start":{"line":42,"column":2},"end":{"line":42,"column":91}},"15":{"start":{"line":42,"column":38},"end":{"line":42,"column":57}},"16":{"start":{"line":42,"column":70},"end":{"line":42,"column":90}},"17":{"start":{"line":45,"column":15},"end":{"line":86,"column":2}},"18":{"start":{"line":45,"column":25},"end":{"line":86,"column":1}},"19":{"start":{"line":87,"column":20},"end":{"line":87,"column":35}},"20":{"start":{"line":88,"column":13},"end":{"line":104,"column":1}},"21":{"start":{"line":108,"column":4},"end":{"line":108,"column":17}},"22":{"start":{"line":109,"column":4},"end":{"line":129,"column":6}},"23":{"start":{"line":131,"column":23},"end":{"line":131,"column":60}},"24":{"start":{"line":132,"column":4},"end":{"line":136,"column":5}},"25":{"start":{"line":133,"column":6},"end":{"line":133,"column":42}},"26":{"start":{"line":135,"column":6},"end":{"line":135,"column":72}},"27":{"start":{"line":137,"column":4},"end":{"line":137,"column":59}},"28":{"start":{"line":138,"column":4},"end":{"line":138,"column":65}},"29":{"start":{"line":139,"column":4},"end":{"line":139,"column":63}},"30":{"start":{"line":140,"column":4},"end":{"line":140,"column":75}},"31":{"start":{"line":141,"column":4},"end":{"line":141,"column":69}},"32":{"start":{"line":142,"column":4},"end":{"line":142,"column":65}},"33":{"start":{"line":143,"column":4},"end":{"line":143,"column":65}},"34":{"start":{"line":144,"column":4},"end":{"line":144,"column":63}},"35":{"start":{"line":145,"column":4},"end":{"line":145,"column":51}},"36":{"start":{"line":146,"column":4},"end":{"line":146,"column":63}},"37":{"start":{"line":147,"column":4},"end":{"line":147,"column":53}},"38":{"start":{"line":151,"column":4},"end":{"line":151,"column":29}},"39":{"start":{"line":163,"column":8},"end":{"line":163,"column":18}},"40":{"start":{"line":165,"column":4},"end":{"line":182,"column":5}},"41":{"start":{"line":166,"column":6},"end":{"line":168,"column":7}},"42":{"start":{"line":167,"column":8},"end":{"line":167,"column":33}},"43":{"start":{"line":169,"column":6},"end":{"line":171,"column":7}},"44":{"start":{"line":170,"column":8},"end":{"line":170,"column":33}},"45":{"start":{"line":172,"column":6},"end":{"line":175,"column":7}},"46":{"start":{"line":174,"column":8},"end":{"line":174,"column":33}},"47":{"start":{"line":176,"column":6},"end":{"line":178,"column":7}},"48":{"start":{"line":177,"column":8},"end":{"line":177,"column":33}},"49":{"start":{"line":179,"column":6},"end":{"line":181,"column":7}},"50":{"start":{"line":180,"column":8},"end":{"line":180,"column":33}},"51":{"start":{"line":186,"column":29},"end":{"line":186,"column":39}},"52":{"start":{"line":187,"column":20},"end":{"line":187,"column":22}},"53":{"start":{"line":189,"column":4},"end":{"line":195,"column":7}},"54":{"start":{"line":190,"column":6},"end":{"line":194,"column":7}},"55":{"start":{"line":191,"column":8},"end":{"line":191,"column":31}},"56":{"start":{"line":193,"column":8},"end":{"line":193,"column":33}},"57":{"start":{"line":196,"column":4},"end":{"line":196,"column":21}},"58":{"start":{"line":200,"column":4},"end":{"line":203,"column":7}},"59":{"start":{"line":207,"column":4},"end":{"line":207,"column":56}},"60":{"start":{"line":211,"column":23},"end":{"line":211,"column":31}},"61":{"start":{"line":212,"column":19},"end":{"line":212,"column":25}},"62":{"start":{"line":214,"column":31},"end":{"line":214,"column":41}},"63":{"start":{"line":215,"column":4},"end":{"line":217,"column":5}},"64":{"start":{"line":216,"column":6},"end":{"line":216,"column":23}},"65":{"start":{"line":219,"column":4},"end":{"line":219,"column":60}},"66":{"start":{"line":223,"column":4},"end":{"line":225,"column":7}},"67":{"start":{"line":229,"column":31},"end":{"line":229,"column":41}},"68":{"start":{"line":231,"column":4},"end":{"line":234,"column":7}},"69":{"start":{"line":238,"column":33},"end":{"line":238,"column":43}},"70":{"start":{"line":240,"column":4},"end":{"line":243,"column":7}},"71":{"start":{"line":247,"column":28},"end":{"line":247,"column":100}},"72":{"start":{"line":247,"column":60},"end":{"line":247,"column":98}},"73":{"start":{"line":248,"column":4},"end":{"line":251,"column":7}},"74":{"start":{"line":255,"column":31},"end":{"line":255,"column":41}},"75":{"start":{"line":257,"column":16},"end":{"line":257,"column":18}},"76":{"start":{"line":259,"column":4},"end":{"line":291,"column":5}},"77":{"start":{"line":260,"column":6},"end":{"line":266,"column":8}},"78":{"start":{"line":268,"column":6},"end":{"line":290,"column":10}},"79":{"start":{"line":271,"column":12},"end":{"line":271,"column":62}},"80":{"start":{"line":272,"column":12},"end":{"line":288,"column":14}},"81":{"start":{"line":292,"column":4},"end":{"line":292,"column":17}},"82":{"start":{"line":301,"column":8},"end":{"line":301,"column":18}},"83":{"start":{"line":303,"column":4},"end":{"line":303,"column":39}},"84":{"start":{"line":304,"column":22},"end":{"line":304,"column":41}},"85":{"start":{"line":306,"column":4},"end":{"line":348,"column":5}},"86":{"start":{"line":307,"column":6},"end":{"line":322,"column":11}},"87":{"start":{"line":309,"column":10},"end":{"line":314,"column":13}},"88":{"start":{"line":315,"column":10},"end":{"line":315,"column":76}},"89":{"start":{"line":317,"column":10},"end":{"line":320,"column":13}},"90":{"start":{"line":321,"column":10},"end":{"line":321,"column":36}},"91":{"start":{"line":324,"column":6},"end":{"line":347,"column":9}},"92":{"start":{"line":329,"column":29},"end":{"line":331,"column":40}},"93":{"start":{"line":332,"column":8},"end":{"line":339,"column":11}},"94":{"start":{"line":340,"column":8},"end":{"line":340,"column":74}},"95":{"start":{"line":342,"column":8},"end":{"line":345,"column":11}},"96":{"start":{"line":346,"column":8},"end":{"line":346,"column":34}},"97":{"start":{"line":352,"column":4},"end":{"line":363,"column":39}},"98":{"start":{"line":363,"column":13},"end":{"line":363,"column":37}},"99":{"start":{"line":367,"column":24},"end":{"line":367,"column":34}},"100":{"start":{"line":382,"column":8},"end":{"line":382,"column":18}},"101":{"start":{"line":383,"column":22},"end":{"line":383,"column":40}},"102":{"start":{"line":385,"column":4},"end":{"line":454,"column":6}},"103":{"start":{"line":430,"column":31},"end":{"line":430,"column":62}},"104":{"start":{"line":434,"column":20},"end":{"line":436,"column":31}},"105":{"start":{"line":446,"column":50},"end":{"line":446,"column":100}},"106":{"start":{"line":458,"column":0},"end":{"line":460,"column":2}}},"fnMap":{"0":{"name":"desc","decl":{"start":{"line":21,"column":16},"end":{"line":21,"column":20}},"loc":{"start":{"line":21,"column":36},"end":{"line":29,"column":1}},"line":21},"1":{"name":"stableSort","decl":{"start":{"line":31,"column":16},"end":{"line":31,"column":26}},"loc":{"start":{"line":31,"column":39},"end":{"line":39,"column":1}},"line":31},"2":{"name":"(anonymous_2)","decl":{"start":{"line":32,"column":35},"end":{"line":32,"column":36}},"loc":{"start":{"line":32,"column":50},"end":{"line":32,"column":61}},"line":32},"3":{"name":"(anonymous_3)","decl":{"start":{"line":33,"column":22},"end":{"line":33,"column":23}},"loc":{"start":{"line":33,"column":32},"end":{"line":37,"column":3}},"line":33},"4":{"name":"(anonymous_4)","decl":{"start":{"line":38,"column":28},"end":{"line":38,"column":29}},"loc":{"start":{"line":38,"column":34},"end":{"line":38,"column":39}},"line":38},"5":{"name":"getSorting","decl":{"start":{"line":41,"column":16},"end":{"line":41,"column":26}},"loc":{"start":{"line":41,"column":43},"end":{"line":43,"column":1}},"line":41},"6":{"name":"(anonymous_6)","decl":{"start":{"line":42,"column":28},"end":{"line":42,"column":29}},"loc":{"start":{"line":42,"column":38},"end":{"line":42,"column":57}},"line":42},"7":{"name":"(anonymous_7)","decl":{"start":{"line":42,"column":60},"end":{"line":42,"column":61}},"loc":{"start":{"line":42,"column":70},"end":{"line":42,"column":90}},"line":42},"8":{"name":"(anonymous_8)","decl":{"start":{"line":45,"column":15},"end":{"line":45,"column":16}},"loc":{"start":{"line":45,"column":25},"end":{"line":86,"column":1}},"line":45},"9":{"name":"(anonymous_9)","decl":{"start":{"line":107,"column":2},"end":{"line":107,"column":3}},"loc":{"start":{"line":107,"column":21},"end":{"line":148,"column":3}},"line":107},"10":{"name":"(anonymous_10)","decl":{"start":{"line":150,"column":2},"end":{"line":150,"column":3}},"loc":{"start":{"line":150,"column":22},"end":{"line":152,"column":3}},"line":150},"11":{"name":"(anonymous_11)","decl":{"start":{"line":154,"column":2},"end":{"line":154,"column":3}},"loc":{"start":{"line":154,"column":43},"end":{"line":183,"column":3}},"line":154},"12":{"name":"(anonymous_12)","decl":{"start":{"line":185,"column":2},"end":{"line":185,"column":3}},"loc":{"start":{"line":185,"column":17},"end":{"line":197,"column":3}},"line":185},"13":{"name":"(anonymous_13)","decl":{"start":{"line":189,"column":25},"end":{"line":189,"column":26}},"loc":{"start":{"line":189,"column":38},"end":{"line":195,"column":5}},"line":189},"14":{"name":"(anonymous_14)","decl":{"start":{"line":199,"column":2},"end":{"line":199,"column":3}},"loc":{"start":{"line":199,"column":48},"end":{"line":204,"column":3}},"line":199},"15":{"name":"(anonymous_15)","decl":{"start":{"line":206,"column":2},"end":{"line":206,"column":3}},"loc":{"start":{"line":206,"column":28},"end":{"line":208,"column":3}},"line":206},"16":{"name":"(anonymous_16)","decl":{"start":{"line":210,"column":2},"end":{"line":210,"column":3}},"loc":{"start":{"line":210,"column":37},"end":{"line":220,"column":3}},"line":210},"17":{"name":"(anonymous_17)","decl":{"start":{"line":222,"column":2},"end":{"line":222,"column":3}},"loc":{"start":{"line":222,"column":33},"end":{"line":226,"column":3}},"line":222},"18":{"name":"(anonymous_18)","decl":{"start":{"line":228,"column":2},"end":{"line":228,"column":3}},"loc":{"start":{"line":228,"column":29},"end":{"line":235,"column":3}},"line":228},"19":{"name":"(anonymous_19)","decl":{"start":{"line":237,"column":2},"end":{"line":237,"column":3}},"loc":{"start":{"line":237,"column":27},"end":{"line":244,"column":3}},"line":237},"20":{"name":"(anonymous_20)","decl":{"start":{"line":246,"column":2},"end":{"line":246,"column":3}},"loc":{"start":{"line":246,"column":28},"end":{"line":252,"column":3}},"line":246},"21":{"name":"(anonymous_21)","decl":{"start":{"line":247,"column":51},"end":{"line":247,"column":52}},"loc":{"start":{"line":247,"column":60},"end":{"line":247,"column":98}},"line":247},"22":{"name":"(anonymous_22)","decl":{"start":{"line":254,"column":2},"end":{"line":254,"column":3}},"loc":{"start":{"line":254,"column":26},"end":{"line":293,"column":3}},"line":254},"23":{"name":"(anonymous_23)","decl":{"start":{"line":270,"column":10},"end":{"line":270,"column":11}},"loc":{"start":{"line":270,"column":17},"end":{"line":289,"column":11}},"line":270},"24":{"name":"(anonymous_24)","decl":{"start":{"line":295,"column":2},"end":{"line":295,"column":3}},"loc":{"start":{"line":295,"column":22},"end":{"line":349,"column":3}},"line":295},"25":{"name":"(anonymous_25)","decl":{"start":{"line":308,"column":14},"end":{"line":308,"column":15}},"loc":{"start":{"line":308,"column":29},"end":{"line":316,"column":9}},"line":308},"26":{"name":"(anonymous_26)","decl":{"start":{"line":316,"column":17},"end":{"line":316,"column":18}},"loc":{"start":{"line":316,"column":26},"end":{"line":322,"column":9}},"line":316},"27":{"name":"(anonymous_27)","decl":{"start":{"line":328,"column":27},"end":{"line":328,"column":28}},"loc":{"start":{"line":328,"column":61},"end":{"line":341,"column":7}},"line":328},"28":{"name":"(anonymous_28)","decl":{"start":{"line":341,"column":16},"end":{"line":341,"column":17}},"loc":{"start":{"line":341,"column":25},"end":{"line":347,"column":7}},"line":341},"29":{"name":"(anonymous_29)","decl":{"start":{"line":351,"column":2},"end":{"line":351,"column":3}},"loc":{"start":{"line":351,"column":16},"end":{"line":364,"column":3}},"line":351},"30":{"name":"(anonymous_30)","decl":{"start":{"line":363,"column":7},"end":{"line":363,"column":8}},"loc":{"start":{"line":363,"column":13},"end":{"line":363,"column":37}},"line":363},"31":{"name":"(anonymous_31)","decl":{"start":{"line":366,"column":2},"end":{"line":366,"column":3}},"loc":{"start":{"line":366,"column":11},"end":{"line":455,"column":3}},"line":366},"32":{"name":"(anonymous_32)","decl":{"start":{"line":430,"column":26},"end":{"line":430,"column":27}},"loc":{"start":{"line":430,"column":31},"end":{"line":430,"column":62}},"line":430},"33":{"name":"(anonymous_33)","decl":{"start":{"line":433,"column":34},"end":{"line":433,"column":35}},"loc":{"start":{"line":434,"column":20},"end":{"line":436,"column":31}},"line":434},"34":{"name":"(anonymous_34)","decl":{"start":{"line":446,"column":16},"end":{"line":446,"column":17}},"loc":{"start":{"line":446,"column":50},"end":{"line":446,"column":100}},"line":446}},"branchMap":{"0":{"loc":{"start":{"line":22,"column":2},"end":{"line":24,"column":3}},"type":"if","locations":[{"start":{"line":22,"column":2},"end":{"line":24,"column":3}},{"start":{"line":22,"column":2},"end":{"line":24,"column":3}}],"line":22},"1":{"loc":{"start":{"line":25,"column":2},"end":{"line":27,"column":3}},"type":"if","locations":[{"start":{"line":25,"column":2},"end":{"line":27,"column":3}},{"start":{"line":25,"column":2},"end":{"line":27,"column":3}}],"line":25},"2":{"loc":{"start":{"line":35,"column":4},"end":{"line":35,"column":34}},"type":"if","locations":[{"start":{"line":35,"column":4},"end":{"line":35,"column":34}},{"start":{"line":35,"column":4},"end":{"line":35,"column":34}}],"line":35},"3":{"loc":{"start":{"line":42,"column":9},"end":{"line":42,"column":90}},"type":"cond-expr","locations":[{"start":{"line":42,"column":28},"end":{"line":42,"column":57}},{"start":{"line":42,"column":60},"end":{"line":42,"column":90}}],"line":42},"4":{"loc":{"start":{"line":132,"column":4},"end":{"line":136,"column":5}},"type":"if","locations":[{"start":{"line":132,"column":4},"end":{"line":136,"column":5}},{"start":{"line":132,"column":4},"end":{"line":136,"column":5}}],"line":132},"5":{"loc":{"start":{"line":132,"column":8},"end":{"line":132,"column":55}},"type":"binary-expr","locations":[{"start":{"line":132,"column":8},"end":{"line":132,"column":27}},{"start":{"line":132,"column":31},"end":{"line":132,"column":55}}],"line":132},"6":{"loc":{"start":{"line":165,"column":4},"end":{"line":182,"column":5}},"type":"if","locations":[{"start":{"line":165,"column":4},"end":{"line":182,"column":5}},{"start":{"line":165,"column":4},"end":{"line":182,"column":5}}],"line":165},"7":{"loc":{"start":{"line":166,"column":6},"end":{"line":168,"column":7}},"type":"if","locations":[{"start":{"line":166,"column":6},"end":{"line":168,"column":7}},{"start":{"line":166,"column":6},"end":{"line":168,"column":7}}],"line":166},"8":{"loc":{"start":{"line":169,"column":6},"end":{"line":171,"column":7}},"type":"if","locations":[{"start":{"line":169,"column":6},"end":{"line":171,"column":7}},{"start":{"line":169,"column":6},"end":{"line":171,"column":7}}],"line":169},"9":{"loc":{"start":{"line":172,"column":6},"end":{"line":175,"column":7}},"type":"if","locations":[{"start":{"line":172,"column":6},"end":{"line":175,"column":7}},{"start":{"line":172,"column":6},"end":{"line":175,"column":7}}],"line":172},"10":{"loc":{"start":{"line":172,"column":10},"end":{"line":173,"column":54}},"type":"binary-expr","locations":[{"start":{"line":172,"column":10},"end":{"line":172,"column":57}},{"start":{"line":173,"column":11},"end":{"line":173,"column":54}}],"line":172},"11":{"loc":{"start":{"line":176,"column":6},"end":{"line":178,"column":7}},"type":"if","locations":[{"start":{"line":176,"column":6},"end":{"line":178,"column":7}},{"start":{"line":176,"column":6},"end":{"line":178,"column":7}}],"line":176},"12":{"loc":{"start":{"line":179,"column":6},"end":{"line":181,"column":7}},"type":"if","locations":[{"start":{"line":179,"column":6},"end":{"line":181,"column":7}},{"start":{"line":179,"column":6},"end":{"line":181,"column":7}}],"line":179},"13":{"loc":{"start":{"line":190,"column":6},"end":{"line":194,"column":7}},"type":"if","locations":[{"start":{"line":190,"column":6},"end":{"line":194,"column":7}},{"start":{"line":190,"column":6},"end":{"line":194,"column":7}}],"line":190},"14":{"loc":{"start":{"line":215,"column":4},"end":{"line":217,"column":5}},"type":"if","locations":[{"start":{"line":215,"column":4},"end":{"line":217,"column":5}},{"start":{"line":215,"column":4},"end":{"line":217,"column":5}}],"line":215},"15":{"loc":{"start":{"line":215,"column":8},"end":{"line":215,"column":48}},"type":"binary-expr","locations":[{"start":{"line":215,"column":8},"end":{"line":215,"column":28}},{"start":{"line":215,"column":32},"end":{"line":215,"column":48}}],"line":215},"16":{"loc":{"start":{"line":259,"column":4},"end":{"line":291,"column":5}},"type":"if","locations":[{"start":{"line":259,"column":4},"end":{"line":291,"column":5}},{"start":{"line":259,"column":4},"end":{"line":291,"column":5}}],"line":259},"17":{"loc":{"start":{"line":306,"column":4},"end":{"line":348,"column":5}},"type":"if","locations":[{"start":{"line":306,"column":4},"end":{"line":348,"column":5}},{"start":{"line":306,"column":4},"end":{"line":348,"column":5}}],"line":306},"18":{"loc":{"start":{"line":414,"column":17},"end":{"line":418,"column":17}},"type":"binary-expr","locations":[{"start":{"line":414,"column":17},"end":{"line":414,"column":30}},{"start":{"line":415,"column":18},"end":{"line":417,"column":29}}],"line":414},"19":{"loc":{"start":{"line":451,"column":12},"end":{"line":451,"column":69}},"type":"cond-expr","locations":[{"start":{"line":451,"column":25},"end":{"line":451,"column":61}},{"start":{"line":451,"column":65},"end":{"line":451,"column":69}}],"line":451}},"s":{"0":10,"1":1,"2":9,"3":3,"4":6,"5":27,"6":34,"7":27,"8":7,"9":7,"10":2,"11":5,"12":27,"13":34,"14":27,"15":1,"16":6,"17":3,"18":2,"19":3,"20":3,"21":15,"22":15,"23":15,"24":15,"25":13,"26":2,"27":15,"28":15,"29":15,"30":15,"31":15,"32":15,"33":15,"34":15,"35":15,"36":15,"37":15,"38":15,"39":57,"40":57,"41":55,"42":4,"43":55,"44":1,"45":55,"46":1,"47":55,"48":2,"49":55,"50":1,"51":29,"52":29,"53":29,"54":2,"55":1,"56":1,"57":29,"58":2,"59":1,"60":2,"61":2,"62":2,"63":2,"64":1,"65":2,"66":1,"67":1,"68":1,"69":1,"70":1,"71":1,"72":2,"73":1,"74":74,"75":74,"76":74,"77":50,"78":24,"79":28,"80":28,"81":74,"82":29,"83":29,"84":29,"85":29,"86":23,"87":2,"88":2,"89":3,"90":3,"91":6,"92":2,"93":2,"94":2,"95":2,"96":2,"97":1,"98":1,"99":72,"100":72,"101":72,"102":72,"103":1,"104":288,"105":2,"106":3},"f":{"0":10,"1":27,"2":34,"3":7,"4":34,"5":27,"6":1,"7":6,"8":2,"9":15,"10":15,"11":57,"12":29,"13":2,"14":2,"15":1,"16":2,"17":1,"18":1,"19":1,"20":1,"21":2,"22":74,"23":28,"24":29,"25":2,"26":3,"27":2,"28":2,"29":1,"30":1,"31":72,"32":1,"33":288,"34":2},"b":{"0":[1,9],"1":[3,6],"2":[2,5],"3":[1,26],"4":[13,2],"5":[15,13],"6":[55,2],"7":[4,51],"8":[1,54],"9":[1,54],"10":[55,55],"11":[2,53],"12":[1,54],"13":[1,1],"14":[1,1],"15":[2,2],"16":[50,24],"17":[23,6],"18":[72,72],"19":[60,12]},"_coverageSchema":"43e27e138ebf9cfc5966b082cf9a028302ed4184","hash":"4e44b89fac738e6df825c16df0a079739fb000b6"}
,"C:\\Users\\Mtech\\Desktop\\dynamic-table\\src\\container\\Container.jsx": {"path":"C:\\Users\\Mtech\\Desktop\\dynamic-table\\src\\container\\Container.jsx","statementMap":{"0":{"start":{"line":14,"column":15},"end":{"line":37,"column":2}},"1":{"start":{"line":14,"column":25},"end":{"line":37,"column":1}},"2":{"start":{"line":45,"column":6},"end":{"line":45,"column":11}},"3":{"start":{"line":46,"column":2},"end":{"line":80,"column":4}},"4":{"start":{"line":55,"column":62},"end":{"line":55,"column":85}},"5":{"start":{"line":58,"column":62},"end":{"line":58,"column":88}},"6":{"start":{"line":83,"column":0},"end":{"line":88,"column":2}}},"fnMap":{"0":{"name":"(anonymous_0)","decl":{"start":{"line":14,"column":15},"end":{"line":14,"column":16}},"loc":{"start":{"line":14,"column":25},"end":{"line":37,"column":1}},"line":14},"1":{"name":"Container","decl":{"start":{"line":39,"column":9},"end":{"line":39,"column":18}},"loc":{"start":{"line":39,"column":26},"end":{"line":81,"column":1}},"line":39},"2":{"name":"(anonymous_2)","decl":{"start":{"line":55,"column":56},"end":{"line":55,"column":57}},"loc":{"start":{"line":55,"column":62},"end":{"line":55,"column":85}},"line":55},"3":{"name":"(anonymous_3)","decl":{"start":{"line":58,"column":56},"end":{"line":58,"column":57}},"loc":{"start":{"line":58,"column":62},"end":{"line":58,"column":88}},"line":58}},"branchMap":{},"s":{"0":4,"1":2,"2":10,"3":10,"4":1,"5":1,"6":4},"f":{"0":2,"1":10,"2":1,"3":1},"b":{},"_coverageSchema":"43e27e138ebf9cfc5966b082cf9a028302ed4184","hash":"b09252b7c999fa987ea67dfd91463ce15c4b54f4"}
}
