TN:
SF:C:\Users\Mtech\Desktop\dynamic-table\src\App.jsx
FN:6,(anonymous_0)
FNF:1
FNH:1
FNDA:3,(anonymous_0)
DA:6,3
DA:7,3
LF:2
LH:2
BRF:0
BRH:0
end_of_record
TN:
SF:C:\Users\Mtech\Desktop\dynamic-table\src\components\api\server.jsx
FNF:0
FNH:0
DA:1,5
LF:1
LH:1
BRF:0
BRH:0
end_of_record
TN:
SF:C:\Users\Mtech\Desktop\dynamic-table\src\components\trades\Trade.jsx
FN:5,(anonymous_0)
FNF:1
FNH:1
FNDA:4,(anonymous_0)
DA:5,3
DA:6,4
LF:2
LH:2
BRF:0
BRH:0
end_of_record
TN:
SF:C:\Users\Mtech\Desktop\dynamic-table\src\components\trades\TradeTable.jsx
FN:20,desc
FN:30,stableSort
FN:31,(anonymous_2)
FN:33,(anonymous_3)
FN:38,(anonymous_4)
FN:41,getSorting
FN:42,(anonymous_6)
FN:42,(anonymous_7)
FN:45,(anonymous_8)
FN:90,(anonymous_9)
FN:124,(anonymous_10)
FN:133,(anonymous_11)
FN:139,(anonymous_12)
FN:146,(anonymous_13)
FN:178,(anonymous_14)
FN:185,(anonymous_15)
FN:189,(anonymous_16)
FN:201,(anonymous_17)
FN:207,(anonymous_18)
FN:216,(anonymous_19)
FN:225,(anonymous_20)
FN:228,(anonymous_21)
FN:244,(anonymous_22)
FN:255,(anonymous_23)
FN:265,(anonymous_24)
FN:272,(anonymous_25)
FN:281,(anonymous_26)
FN:293,(anonymous_27)
FN:300,(anonymous_28)
FN:315,(anonymous_29)
FN:363,(anonymous_30)
FN:406,(anonymous_31)
FN:409,(anonymous_32)
FN:422,(anonymous_33)
FNF:34
FNH:17
FNDA:6,desc
FNDA:3,stableSort
FNDA:6,(anonymous_2)
FNDA:3,(anonymous_3)
FNDA:6,(anonymous_4)
FNDA:3,getSorting
FNDA:1,(anonymous_6)
FNDA:2,(anonymous_7)
FNDA:4,(anonymous_8)
FNDA:6,(anonymous_9)
FNDA:6,(anonymous_10)
FNDA:0,(anonymous_11)
FNDA:0,(anonymous_12)
FNDA:8,(anonymous_13)
FNDA:0,(anonymous_14)
FNDA:0,(anonymous_15)
FNDA:0,(anonymous_16)
FNDA:1,(anonymous_17)
FNDA:0,(anonymous_18)
FNDA:0,(anonymous_19)
FNDA:0,(anonymous_20)
FNDA:0,(anonymous_21)
FNDA:6,(anonymous_22)
FNDA:0,(anonymous_23)
FNDA:0,(anonymous_24)
FNDA:0,(anonymous_25)
FNDA:0,(anonymous_26)
FNDA:0,(anonymous_27)
FNDA:0,(anonymous_28)
FNDA:14,(anonymous_29)
FNDA:0,(anonymous_30)
FNDA:1,(anonymous_31)
FNDA:56,(anonymous_32)
FNDA:0,(anonymous_33)
DA:21,6
DA:22,1
DA:24,5
DA:25,3
DA:27,2
DA:31,6
DA:33,3
DA:34,3
DA:35,3
DA:36,1
DA:38,6
DA:42,3
DA:45,4
DA:87,3
DA:91,6
DA:92,6
DA:116,6
DA:117,6
DA:118,3
DA:120,3
DA:125,6
DA:126,6
DA:128,6
DA:129,6
DA:131,0
DA:134,0
DA:140,0
DA:141,0
DA:155,8
DA:157,8
DA:158,0
DA:160,8
DA:161,0
DA:163,8
DA:165,0
DA:167,8
DA:168,0
DA:170,8
DA:171,0
DA:173,8
DA:174,0
DA:179,0
DA:186,0
DA:190,0
DA:191,0
DA:193,0
DA:194,0
DA:195,0
DA:198,0
DA:202,1
DA:208,0
DA:210,0
DA:217,0
DA:219,0
DA:226,0
DA:228,0
DA:229,0
DA:230,0
DA:231,0
DA:233,0
DA:234,0
DA:236,0
DA:238,0
DA:251,6
DA:252,6
DA:253,6
DA:255,6
DA:256,0
DA:257,0
DA:259,0
DA:263,6
DA:264,6
DA:266,0
DA:271,0
DA:273,0
DA:274,0
DA:277,0
DA:282,0
DA:285,0
DA:292,0
DA:294,0
DA:295,0
DA:301,0
DA:312,0
DA:316,14
DA:333,14
DA:334,14
DA:336,14
DA:364,0
DA:365,0
DA:406,1
DA:410,56
DA:422,0
DA:432,3
LF:94
LH:45
BRDA:21,0,0,1
BRDA:21,0,1,5
BRDA:24,1,0,3
BRDA:24,1,1,2
BRDA:35,2,0,2
BRDA:35,2,1,1
BRDA:42,3,0,1
BRDA:42,3,1,2
BRDA:117,4,0,3
BRDA:117,4,1,3
BRDA:117,5,0,6
BRDA:117,5,1,3
BRDA:128,6,0,6
BRDA:128,6,1,0
BRDA:128,7,0,6
BRDA:128,7,1,6
BRDA:157,8,0,0
BRDA:157,8,1,8
BRDA:160,9,0,0
BRDA:160,9,1,8
BRDA:163,10,0,0
BRDA:163,10,1,8
BRDA:163,11,0,8
BRDA:163,11,1,8
BRDA:167,12,0,0
BRDA:167,12,1,8
BRDA:170,13,0,0
BRDA:170,13,1,8
BRDA:173,14,0,0
BRDA:173,14,1,8
BRDA:194,15,0,0
BRDA:194,15,1,0
BRDA:194,16,0,0
BRDA:194,16,1,0
BRDA:230,17,0,0
BRDA:230,17,1,0
BRDA:233,18,0,0
BRDA:233,18,1,0
BRDA:256,19,0,0
BRDA:256,19,1,0
BRDA:263,20,0,6
BRDA:263,20,1,0
BRDA:362,21,0,0
BRDA:362,21,1,14
BRDA:390,22,0,14
BRDA:390,22,1,14
BRDA:426,23,0,14
BRDA:426,23,1,0
BRF:48
BRH:28
end_of_record
TN:
SF:C:\Users\Mtech\Desktop\dynamic-table\src\components\trades\TradeTableHead.jsx
FN:32,(anonymous_0)
FN:32,(anonymous_1)
FN:37,(anonymous_2)
FN:47,(anonymous_3)
FNF:4
FNH:4
FNDA:66,(anonymous_0)
FNDA:1,(anonymous_1)
FNDA:11,(anonymous_2)
FNDA:66,(anonymous_3)
DA:10,4
DA:32,66
DA:33,1
DA:34,1
DA:40,11
DA:42,11
DA:48,66
DA:77,4
LF:8
LH:8
BRDA:50,0,0,55
BRDA:50,0,1,11
BRDA:51,1,0,11
BRDA:51,1,1,55
BRDA:52,2,0,11
BRDA:52,2,1,55
BRDA:56,3,0,55
BRDA:56,3,1,11
BRF:8
BRH:8
end_of_record
TN:
SF:C:\Users\Mtech\Desktop\dynamic-table\src\components\trades\TradeTableToolbar.jsx
FN:21,(anonymous_0)
FN:162,(anonymous_1)
FN:227,(anonymous_2)
FN:229,(anonymous_3)
FN:233,(anonymous_4)
FNF:5
FNH:5
FNDA:4,(anonymous_0)
FNDA:13,(anonymous_1)
FNDA:1,(anonymous_2)
FNDA:1,(anonymous_3)
FNDA:65,(anonymous_4)
DA:21,4
DA:151,4
DA:152,4
DA:153,4
DA:162,4
DA:175,13
DA:177,13
DA:227,1
DA:229,1
DA:234,65
DA:253,4
LF:11
LH:11
BRDA:27,0,0,4
BRDA:27,0,1,0
BRF:2
BRH:1
end_of_record
TN:
SF:C:\Users\Mtech\Desktop\dynamic-table\src\components\withdraws\WithDraw.jsx
FN:5,(anonymous_0)
FNF:1
FNH:1
FNDA:2,(anonymous_0)
DA:5,4
DA:6,2
LF:2
LH:2
BRF:0
BRH:0
end_of_record
TN:
SF:C:\Users\Mtech\Desktop\dynamic-table\src\components\withdraws\WithDrawTable.jsx
FN:20,desc
FN:30,stableSort
FN:31,(anonymous_2)
FN:32,(anonymous_3)
FN:37,(anonymous_4)
FN:40,getSorting
FN:41,(anonymous_6)
FN:41,(anonymous_7)
FN:44,(anonymous_8)
FN:89,(anonymous_9)
FN:120,(anonymous_10)
FN:129,(anonymous_11)
FN:135,(anonymous_12)
FN:142,(anonymous_13)
FN:174,(anonymous_14)
FN:181,(anonymous_15)
FN:185,(anonymous_16)
FN:197,(anonymous_17)
FN:203,(anonymous_18)
FN:212,(anonymous_19)
FN:221,(anonymous_20)
FN:222,(anonymous_21)
FN:229,(anonymous_22)
FN:240,(anonymous_23)
FN:250,(anonymous_24)
FN:257,(anonymous_25)
FN:266,(anonymous_26)
FN:278,(anonymous_27)
FN:285,(anonymous_28)
FN:300,(anonymous_29)
FN:348,(anonymous_30)
FN:390,(anonymous_31)
FN:393,(anonymous_32)
FN:406,(anonymous_33)
FNF:34
FNH:17
FNDA:6,desc
FNDA:3,stableSort
FNDA:6,(anonymous_2)
FNDA:3,(anonymous_3)
FNDA:6,(anonymous_4)
FNDA:3,getSorting
FNDA:1,(anonymous_6)
FNDA:2,(anonymous_7)
FNDA:3,(anonymous_8)
FNDA:3,(anonymous_9)
FNDA:3,(anonymous_10)
FNDA:0,(anonymous_11)
FNDA:0,(anonymous_12)
FNDA:5,(anonymous_13)
FNDA:0,(anonymous_14)
FNDA:0,(anonymous_15)
FNDA:0,(anonymous_16)
FNDA:1,(anonymous_17)
FNDA:0,(anonymous_18)
FNDA:0,(anonymous_19)
FNDA:0,(anonymous_20)
FNDA:0,(anonymous_21)
FNDA:3,(anonymous_22)
FNDA:0,(anonymous_23)
FNDA:0,(anonymous_24)
FNDA:0,(anonymous_25)
FNDA:0,(anonymous_26)
FNDA:0,(anonymous_27)
FNDA:0,(anonymous_28)
FNDA:8,(anonymous_29)
FNDA:0,(anonymous_30)
FNDA:1,(anonymous_31)
FNDA:32,(anonymous_32)
FNDA:0,(anonymous_33)
DA:21,6
DA:22,1
DA:24,5
DA:25,3
DA:27,2
DA:31,6
DA:32,3
DA:33,3
DA:34,3
DA:35,1
DA:37,6
DA:41,3
DA:44,5
DA:86,5
DA:90,3
DA:91,3
DA:112,3
DA:113,3
DA:114,1
DA:116,2
DA:121,3
DA:122,3
DA:124,3
DA:125,3
DA:127,0
DA:130,0
DA:136,0
DA:137,0
DA:151,5
DA:153,5
DA:154,0
DA:156,5
DA:157,0
DA:159,5
DA:161,0
DA:163,5
DA:164,0
DA:166,5
DA:167,0
DA:169,5
DA:170,0
DA:175,0
DA:182,0
DA:186,0
DA:187,0
DA:189,0
DA:190,0
DA:191,0
DA:194,0
DA:198,1
DA:204,0
DA:206,0
DA:213,0
DA:215,0
DA:222,0
DA:223,0
DA:236,3
DA:237,3
DA:238,3
DA:240,3
DA:241,0
DA:242,0
DA:244,0
DA:248,3
DA:249,3
DA:251,0
DA:256,0
DA:258,0
DA:259,0
DA:262,0
DA:267,0
DA:270,0
DA:277,0
DA:279,0
DA:280,0
DA:286,0
DA:297,0
DA:301,8
DA:318,8
DA:319,8
DA:321,8
DA:349,0
DA:350,0
DA:390,1
DA:394,32
DA:406,0
DA:416,5
LF:87
LH:45
BRDA:21,0,0,1
BRDA:21,0,1,5
BRDA:24,1,0,3
BRDA:24,1,1,2
BRDA:34,2,0,2
BRDA:34,2,1,1
BRDA:41,3,0,1
BRDA:41,3,1,2
BRDA:113,4,0,1
BRDA:113,4,1,2
BRDA:113,5,0,3
BRDA:113,5,1,1
BRDA:124,6,0,3
BRDA:124,6,1,0
BRDA:124,7,0,3
BRDA:124,7,1,3
BRDA:153,8,0,0
BRDA:153,8,1,5
BRDA:156,9,0,0
BRDA:156,9,1,5
BRDA:159,10,0,0
BRDA:159,10,1,5
BRDA:159,11,0,5
BRDA:159,11,1,5
BRDA:163,12,0,0
BRDA:163,12,1,5
BRDA:166,13,0,0
BRDA:166,13,1,5
BRDA:169,14,0,0
BRDA:169,14,1,5
BRDA:190,15,0,0
BRDA:190,15,1,0
BRDA:190,16,0,0
BRDA:190,16,1,0
BRDA:241,17,0,0
BRDA:241,17,1,0
BRDA:248,18,0,3
BRDA:248,18,1,0
BRDA:347,19,0,0
BRDA:347,19,1,8
BRDA:374,20,0,8
BRDA:374,20,1,8
BRDA:410,21,0,8
BRDA:410,21,1,0
BRF:44
BRH:28
end_of_record
TN:
SF:C:\Users\Mtech\Desktop\dynamic-table\src\components\withdraws\WithDrawTableHead.jsx
FN:29,(anonymous_0)
FN:29,(anonymous_1)
FN:34,(anonymous_2)
FN:44,(anonymous_3)
FNF:4
FNH:4
FNDA:25,(anonymous_0)
FNDA:1,(anonymous_1)
FNDA:5,(anonymous_2)
FNDA:25,(anonymous_3)
DA:10,6
DA:29,25
DA:30,1
DA:31,1
DA:37,5
DA:39,5
DA:45,25
DA:74,6
LF:8
LH:8
BRDA:47,0,0,20
BRDA:47,0,1,5
BRDA:48,1,0,5
BRDA:48,1,1,20
BRDA:49,2,0,1
BRDA:49,2,1,24
BRDA:53,3,0,20
BRDA:53,3,1,5
BRF:8
BRH:8
end_of_record
TN:
SF:C:\Users\Mtech\Desktop\dynamic-table\src\components\withdraws\WithDrawTableToolbar.jsx
FN:21,(anonymous_0)
FN:162,(anonymous_1)
FN:227,(anonymous_2)
FN:229,(anonymous_3)
FN:233,(anonymous_4)
FNF:5
FNH:5
FNDA:3,(anonymous_0)
FNDA:7,(anonymous_1)
FNDA:1,(anonymous_2)
FNDA:1,(anonymous_3)
FNDA:14,(anonymous_4)
DA:21,6
DA:151,6
DA:152,6
DA:153,6
DA:162,6
DA:175,7
DA:177,7
DA:227,1
DA:229,1
DA:234,14
DA:253,6
LF:11
LH:11
BRDA:27,0,0,3
BRDA:27,0,1,0
BRF:2
BRH:1
end_of_record
TN:
SF:C:\Users\Mtech\Desktop\dynamic-table\src\container\Container.jsx
FN:14,(anonymous_0)
FN:39,Container
FN:55,(anonymous_2)
FN:58,(anonymous_3)
FNF:4
FNH:4
FNDA:2,(anonymous_0)
FNDA:5,Container
FNDA:1,(anonymous_2)
FNDA:1,(anonymous_3)
DA:14,4
DA:45,5
DA:46,5
DA:55,1
DA:58,1
DA:83,4
LF:6
LH:6
BRF:0
BRH:0
end_of_record
