TN:
SF:C:\Users\Mtech\Desktop\dynamic-table\src\App.jsx
FN:6,(anonymous_0)
FNF:1
FNH:1
FNDA:3,(anonymous_0)
DA:6,2
DA:7,3
LF:2
LH:2
BRF:0
BRH:0
end_of_record
TN:
SF:C:\Users\Mtech\Desktop\dynamic-table\src\components\api\server.jsx
FNF:0
FNH:0
DA:1,4
LF:1
LH:1
BRF:0
BRH:0
end_of_record
TN:
SF:C:\Users\Mtech\Desktop\dynamic-table\src\components\tableComponents\CustomTableHead.jsx
FN:10,(anonymous_0)
FN:10,(anonymous_1)
FN:15,(anonymous_2)
FN:25,(anonymous_3)
FNF:4
FNH:4
FNDA:64,(anonymous_0)
FNDA:1,(anonymous_1)
FNDA:11,(anonymous_2)
FNDA:64,(anonymous_3)
DA:10,64
DA:11,1
DA:12,1
DA:18,11
DA:20,11
DA:26,64
DA:55,5
LF:7
LH:7
BRDA:28,0,0,53
BRDA:28,0,1,11
BRDA:29,1,0,11
BRDA:29,1,1,53
BRDA:30,2,0,9
BRDA:30,2,1,55
BRDA:34,3,0,53
BRDA:34,3,1,11
BRF:8
BRH:8
end_of_record
TN:
SF:C:\Users\Mtech\Desktop\dynamic-table\src\components\tableComponents\CustomTableToolbar.jsx
FN:14,(anonymous_0)
FN:60,(anonymous_1)
FNF:2
FNH:2
FNDA:2,(anonymous_0)
FNDA:10,(anonymous_1)
DA:14,4
DA:60,4
DA:75,10
DA:77,10
DA:128,4
LF:5
LH:5
BRF:0
BRH:0
end_of_record
TN:
SF:C:\Users\Mtech\Desktop\dynamic-table\src\components\tableComponents\toolBarComponents\Filter.jsx
FN:23,(anonymous_0)
FN:45,(anonymous_1)
FN:60,(anonymous_2)
FN:62,(anonymous_3)
FN:66,(anonymous_4)
FNF:5
FNH:5
FNDA:3,(anonymous_0)
FNDA:13,(anonymous_1)
FNDA:1,(anonymous_2)
FNDA:1,(anonymous_3)
FNDA:59,(anonymous_4)
DA:12,5
DA:13,5
DA:14,5
DA:23,5
DA:45,5
DA:51,13
DA:53,13
DA:60,1
DA:62,1
DA:67,59
DA:78,5
LF:11
LH:11
BRF:0
BRH:0
end_of_record
TN:
SF:C:\Users\Mtech\Desktop\dynamic-table\src\components\tableComponents\toolBarComponents\SerachBar.jsx
FN:8,(anonymous_0)
FN:50,(anonymous_1)
FNF:2
FNH:2
FNDA:2,(anonymous_0)
FNDA:10,(anonymous_1)
DA:8,4
DA:50,4
DA:56,10
DA:57,10
DA:77,4
LF:5
LH:5
BRF:0
BRH:0
end_of_record
TN:
SF:C:\Users\Mtech\Desktop\dynamic-table\src\components\trades\TradeTable.jsx
FN:21,desc
FN:31,stableSort
FN:32,(anonymous_2)
FN:34,(anonymous_3)
FN:39,(anonymous_4)
FN:42,getSorting
FN:43,(anonymous_6)
FN:43,(anonymous_7)
FN:67,(anonymous_8)
FN:112,(anonymous_9)
FN:158,(anonymous_10)
FN:162,(anonymous_11)
FN:194,(anonymous_12)
FN:198,(anonymous_13)
FN:209,(anonymous_14)
FN:216,(anonymous_15)
FN:220,(anonymous_16)
FN:232,(anonymous_17)
FN:238,(anonymous_18)
FN:247,(anonymous_19)
FN:256,(anonymous_20)
FN:258,(anonymous_21)
FN:274,(anonymous_22)
FN:290,(anonymous_23)
FN:316,(anonymous_24)
FN:329,(anonymous_25)
FN:337,(anonymous_26)
FN:349,(anonymous_27)
FN:362,(anonymous_28)
FN:372,(anonymous_29)
FN:384,(anonymous_30)
FN:387,(anonymous_31)
FN:454,(anonymous_32)
FN:457,(anonymous_33)
FN:470,(anonymous_34)
FNF:35
FNH:35
FNDA:10,desc
FNDA:27,stableSort
FNDA:34,(anonymous_2)
FNDA:7,(anonymous_3)
FNDA:34,(anonymous_4)
FNDA:27,getSorting
FNDA:1,(anonymous_6)
FNDA:6,(anonymous_7)
FNDA:3,(anonymous_8)
FNDA:18,(anonymous_9)
FNDA:18,(anonymous_10)
FNDA:60,(anonymous_11)
FNDA:32,(anonymous_12)
FNDA:3,(anonymous_13)
FNDA:2,(anonymous_14)
FNDA:1,(anonymous_15)
FNDA:2,(anonymous_16)
FNDA:1,(anonymous_17)
FNDA:1,(anonymous_18)
FNDA:1,(anonymous_19)
FNDA:1,(anonymous_20)
FNDA:3,(anonymous_21)
FNDA:80,(anonymous_22)
FNDA:28,(anonymous_23)
FNDA:32,(anonymous_24)
FNDA:2,(anonymous_25)
FNDA:3,(anonymous_26)
FNDA:2,(anonymous_27)
FNDA:2,(anonymous_28)
FNDA:1,(anonymous_29)
FNDA:1,(anonymous_30)
FNDA:78,(anonymous_31)
FNDA:1,(anonymous_32)
FNDA:312,(anonymous_33)
FNDA:2,(anonymous_34)
DA:22,10
DA:23,1
DA:25,9
DA:26,3
DA:28,6
DA:32,34
DA:34,27
DA:35,7
DA:36,7
DA:37,5
DA:39,34
DA:43,27
DA:46,3
DA:67,3
DA:109,3
DA:113,18
DA:114,18
DA:139,18
DA:140,18
DA:141,15
DA:143,3
DA:145,18
DA:146,18
DA:147,18
DA:148,18
DA:149,18
DA:150,18
DA:151,18
DA:152,18
DA:153,18
DA:154,18
DA:155,18
DA:159,18
DA:171,60
DA:173,60
DA:174,58
DA:175,4
DA:177,58
DA:178,1
DA:180,58
DA:183,1
DA:185,58
DA:186,2
DA:188,58
DA:189,1
DA:195,32
DA:196,32
DA:197,32
DA:198,1
DA:199,3
DA:200,1
DA:202,2
DA:206,32
DA:210,2
DA:217,1
DA:221,2
DA:222,2
DA:224,2
DA:225,2
DA:226,1
DA:229,2
DA:233,1
DA:239,1
DA:241,1
DA:248,1
DA:250,1
DA:257,1
DA:258,1
DA:259,3
DA:260,3
DA:261,1
DA:263,3
DA:264,1
DA:266,3
DA:268,1
DA:275,80
DA:277,80
DA:279,80
DA:280,56
DA:288,24
DA:291,28
DA:292,28
DA:313,80
DA:322,32
DA:324,32
DA:325,32
DA:327,32
DA:328,26
DA:330,2
DA:336,2
DA:338,3
DA:342,3
DA:345,6
DA:350,2
DA:353,2
DA:361,2
DA:363,2
DA:367,2
DA:373,1
DA:384,1
DA:388,78
DA:403,78
DA:404,78
DA:406,78
DA:454,1
DA:458,312
DA:470,2
DA:482,3
LF:108
LH:108
BRDA:22,0,0,1
BRDA:22,0,1,9
BRDA:25,1,0,3
BRDA:25,1,1,6
BRDA:36,2,0,2
BRDA:36,2,1,5
BRDA:43,3,0,1
BRDA:43,3,1,26
BRDA:140,4,0,15
BRDA:140,4,1,3
BRDA:140,5,0,18
BRDA:140,5,1,15
BRDA:173,6,0,58
BRDA:173,6,1,2
BRDA:174,7,0,4
BRDA:174,7,1,54
BRDA:177,8,0,1
BRDA:177,8,1,57
BRDA:180,9,0,1
BRDA:180,9,1,57
BRDA:180,10,0,58
BRDA:180,10,1,58
BRDA:185,11,0,2
BRDA:185,11,1,56
BRDA:188,12,0,1
BRDA:188,12,1,57
BRDA:197,13,0,1
BRDA:197,13,1,31
BRDA:199,14,0,1
BRDA:199,14,1,2
BRDA:225,15,0,1
BRDA:225,15,1,1
BRDA:225,16,0,2
BRDA:225,16,1,2
BRDA:260,17,0,1
BRDA:260,17,1,2
BRDA:263,18,0,1
BRDA:263,18,1,2
BRDA:279,19,0,56
BRDA:279,19,1,24
BRDA:327,20,0,26
BRDA:327,20,1,6
BRDA:437,21,0,78
BRDA:437,21,1,78
BRDA:475,22,0,66
BRDA:475,22,1,12
BRF:46
BRH:46
end_of_record
TN:
SF:C:\Users\Mtech\Desktop\dynamic-table\src\components\withdraws\WithDrawTable.jsx
FN:21,desc
FN:31,stableSort
FN:32,(anonymous_2)
FN:33,(anonymous_3)
FN:38,(anonymous_4)
FN:41,getSorting
FN:42,(anonymous_6)
FN:42,(anonymous_7)
FN:45,(anonymous_8)
FN:107,(anonymous_9)
FN:150,(anonymous_10)
FN:154,(anonymous_11)
FN:185,(anonymous_12)
FN:189,(anonymous_13)
FN:199,(anonymous_14)
FN:206,(anonymous_15)
FN:210,(anonymous_16)
FN:222,(anonymous_17)
FN:228,(anonymous_18)
FN:237,(anonymous_19)
FN:246,(anonymous_20)
FN:247,(anonymous_21)
FN:254,(anonymous_22)
FN:270,(anonymous_23)
FN:295,(anonymous_24)
FN:308,(anonymous_25)
FN:316,(anonymous_26)
FN:328,(anonymous_27)
FN:341,(anonymous_28)
FN:351,(anonymous_29)
FN:363,(anonymous_30)
FN:366,(anonymous_31)
FN:430,(anonymous_32)
FN:433,(anonymous_33)
FN:446,(anonymous_34)
FNF:35
FNH:35
FNDA:10,desc
FNDA:27,stableSort
FNDA:34,(anonymous_2)
FNDA:7,(anonymous_3)
FNDA:34,(anonymous_4)
FNDA:27,getSorting
FNDA:1,(anonymous_6)
FNDA:6,(anonymous_7)
FNDA:2,(anonymous_8)
FNDA:15,(anonymous_9)
FNDA:15,(anonymous_10)
FNDA:57,(anonymous_11)
FNDA:29,(anonymous_12)
FNDA:2,(anonymous_13)
FNDA:2,(anonymous_14)
FNDA:1,(anonymous_15)
FNDA:2,(anonymous_16)
FNDA:1,(anonymous_17)
FNDA:1,(anonymous_18)
FNDA:1,(anonymous_19)
FNDA:1,(anonymous_20)
FNDA:2,(anonymous_21)
FNDA:74,(anonymous_22)
FNDA:28,(anonymous_23)
FNDA:29,(anonymous_24)
FNDA:2,(anonymous_25)
FNDA:3,(anonymous_26)
FNDA:2,(anonymous_27)
FNDA:2,(anonymous_28)
FNDA:1,(anonymous_29)
FNDA:1,(anonymous_30)
FNDA:72,(anonymous_31)
FNDA:1,(anonymous_32)
FNDA:288,(anonymous_33)
FNDA:2,(anonymous_34)
DA:22,10
DA:23,1
DA:25,9
DA:26,3
DA:28,6
DA:32,34
DA:33,27
DA:34,7
DA:35,7
DA:36,5
DA:38,34
DA:42,27
DA:45,3
DA:87,3
DA:88,3
DA:108,15
DA:109,15
DA:131,15
DA:132,15
DA:133,13
DA:135,2
DA:137,15
DA:138,15
DA:139,15
DA:140,15
DA:141,15
DA:142,15
DA:143,15
DA:144,15
DA:145,15
DA:146,15
DA:147,15
DA:151,15
DA:163,57
DA:165,57
DA:166,55
DA:167,4
DA:169,55
DA:170,1
DA:172,55
DA:174,1
DA:176,55
DA:177,2
DA:179,55
DA:180,1
DA:186,29
DA:187,29
DA:189,29
DA:190,2
DA:191,1
DA:193,1
DA:196,29
DA:200,2
DA:207,1
DA:211,2
DA:212,2
DA:214,2
DA:215,2
DA:216,1
DA:219,2
DA:223,1
DA:229,1
DA:231,1
DA:238,1
DA:240,1
DA:247,2
DA:248,1
DA:255,74
DA:257,74
DA:259,74
DA:260,50
DA:268,24
DA:271,28
DA:272,28
DA:292,74
DA:301,29
DA:303,29
DA:304,29
DA:306,29
DA:307,23
DA:309,2
DA:315,2
DA:317,3
DA:321,3
DA:324,6
DA:329,2
DA:332,2
DA:340,2
DA:342,2
DA:346,2
DA:352,1
DA:363,1
DA:367,72
DA:382,72
DA:383,72
DA:385,72
DA:430,1
DA:434,288
DA:446,2
DA:458,3
LF:100
LH:100
BRDA:22,0,0,1
BRDA:22,0,1,9
BRDA:25,1,0,3
BRDA:25,1,1,6
BRDA:35,2,0,2
BRDA:35,2,1,5
BRDA:42,3,0,1
BRDA:42,3,1,26
BRDA:132,4,0,13
BRDA:132,4,1,2
BRDA:132,5,0,15
BRDA:132,5,1,13
BRDA:165,6,0,55
BRDA:165,6,1,2
BRDA:166,7,0,4
BRDA:166,7,1,51
BRDA:169,8,0,1
BRDA:169,8,1,54
BRDA:172,9,0,1
BRDA:172,9,1,54
BRDA:172,10,0,55
BRDA:172,10,1,55
BRDA:176,11,0,2
BRDA:176,11,1,53
BRDA:179,12,0,1
BRDA:179,12,1,54
BRDA:190,13,0,1
BRDA:190,13,1,1
BRDA:215,14,0,1
BRDA:215,14,1,1
BRDA:215,15,0,2
BRDA:215,15,1,2
BRDA:259,16,0,50
BRDA:259,16,1,24
BRDA:306,17,0,23
BRDA:306,17,1,6
BRDA:414,18,0,72
BRDA:414,18,1,72
BRDA:451,19,0,60
BRDA:451,19,1,12
BRF:40
BRH:40
end_of_record
TN:
SF:C:\Users\Mtech\Desktop\dynamic-table\src\container\Container.jsx
FN:14,(anonymous_0)
FN:39,Container
FN:55,(anonymous_2)
FN:58,(anonymous_3)
FNF:4
FNH:4
FNDA:2,(anonymous_0)
FNDA:10,Container
FNDA:1,(anonymous_2)
FNDA:1,(anonymous_3)
DA:14,4
DA:45,10
DA:46,10
DA:55,1
DA:58,1
DA:83,4
LF:6
LH:6
BRF:0
BRH:0
end_of_record
